{"contracts\\Lottery.sol":{"l":{"88":0,"89":0,"95":0,"96":0,"101":0,"102":0,"104":0,"115":0,"116":0,"118":0,"120":0,"127":0,"129":0,"130":0,"135":0,"136":0,"140":0,"141":0,"148":0,"149":0,"151":0,"153":0,"168":0,"170":0,"171":0,"172":0,"173":0,"178":0,"183":0,"184":0,"185":0,"189":0,"191":0,"192":0,"193":0,"194":0,"195":0,"197":0,"202":0,"203":0,"205":0,"206":0,"207":0,"209":0,"210":0,"213":0,"215":0,"217":0,"222":0,"235":0,"236":0,"243":0,"244":0,"246":0,"249":0,"251":0,"257":0,"258":0,"259":0,"260":0,"261":0,"263":0,"264":0,"265":0,"266":0,"268":0,"269":0,"271":0,"272":0,"273":0,"274":0,"278":0,"285":0,"286":0,"288":0,"289":0,"290":0,"293":0,"294":0,"295":0,"300":0,"306":0,"308":0,"309":0,"311":0,"313":0,"315":0,"317":0,"319":0,"324":0,"325":0,"326":0,"330":0,"331":0,"332":0,"333":0,"338":0,"342":0,"346":0,"350":0,"351":0,"352":0,"353":0,"354":0,"355":0,"359":0,"360":0,"361":0,"362":0,"363":0,"364":0,"368":0,"372":0},"path":"D:\\practice\\solidity\\Lottery\\contract\\contracts\\Lottery.sol","s":{"1":0,"2":0,"3":0,"4":0,"5":0,"6":0,"7":0,"8":0,"9":0,"10":0,"11":0,"12":0,"13":0,"14":0,"15":0,"16":0,"17":0,"18":0,"19":0,"20":0,"21":0,"22":0,"23":0,"24":0,"25":0,"26":0,"27":0,"28":0,"29":0,"30":0,"31":0,"32":0,"33":0,"34":0,"35":0,"36":0,"37":0,"38":0,"39":0,"40":0,"41":0,"42":0,"43":0,"44":0,"45":0,"46":0,"47":0,"48":0,"49":0,"50":0,"51":0,"52":0,"53":0,"54":0,"55":0,"56":0,"57":0,"58":0,"59":0,"60":0,"61":0,"62":0,"63":0,"64":0,"65":0,"66":0,"67":0,"68":0,"69":0,"70":0,"71":0,"72":0,"73":0,"74":0,"75":0,"76":0,"77":0,"78":0,"79":0,"80":0,"81":0,"82":0,"83":0,"84":0,"85":0},"b":{"1":[0,0],"2":[0,0],"3":[0,0],"4":[0,0],"5":[0,0],"6":[0,0],"7":[0,0],"8":[0,0],"9":[0,0],"10":[0,0],"11":[0,0],"12":[0,0],"13":[0,0],"14":[0,0],"15":[0,0],"16":[0,0],"17":[0,0],"18":[0,0],"19":[0,0],"20":[0,0],"21":[0,0],"22":[0,0],"23":[0,0],"24":[0,0],"25":[0,0],"26":[0,0],"27":[0,0],"28":[0,0],"29":[0,0],"30":[0,0],"31":[0,0],"32":[0,0],"33":[0,0],"34":[0,0],"35":[0,0],"36":[0,0]},"f":{"1":0,"2":0,"3":0,"4":0,"5":0,"6":0,"7":0,"8":0,"9":0,"10":0,"11":0,"12":0,"13":0,"14":0,"15":0,"16":0,"17":0,"18":0,"19":0},"fnMap":{"1":{"name":"_onlyOwner","line":87,"loc":{"start":{"line":87,"column":4},"end":{"line":90,"column":4}}},"2":{"name":"constructor","line":94,"loc":{"start":{"line":92,"column":4},"end":{"line":97,"column":4}}},"3":{"name":"buyTicket","line":100,"loc":{"start":{"line":100,"column":4},"end":{"line":121,"column":4}}},"4":{"name":"submitCombination","line":123,"loc":{"start":{"line":123,"column":4},"end":{"line":154,"column":4}}},"5":{"name":"previewResults","line":156,"loc":{"start":{"line":156,"column":4},"end":{"line":186,"column":4}}},"6":{"name":"claimReward","line":188,"loc":{"start":{"line":188,"column":4},"end":{"line":218,"column":4}}},"7":{"name":"_requestRandomNumber","line":221,"loc":{"start":{"line":221,"column":4},"end":{"line":237,"column":4}}},"8":{"name":"fulfillRandomWords","line":239,"loc":{"start":{"line":239,"column":4},"end":{"line":252,"column":4}}},"9":{"name":"_generateWinningCombination","line":254,"loc":{"start":{"line":254,"column":4},"end":{"line":279,"column":4}}},"10":{"name":"_checkWinningCombination","line":281,"loc":{"start":{"line":281,"column":4},"end":{"line":301,"column":4}}},"11":{"name":"_calculateReward","line":303,"loc":{"start":{"line":303,"column":4},"end":{"line":321,"column":4}}},"12":{"name":"_sendReward","line":323,"loc":{"start":{"line":323,"column":4},"end":{"line":327,"column":4}}},"13":{"name":"distribute","line":329,"loc":{"start":{"line":329,"column":4},"end":{"line":334,"column":4}}},"14":{"name":"getContractOwner","line":337,"loc":{"start":{"line":337,"column":4},"end":{"line":339,"column":4}}},"15":{"name":"getJackpot","line":341,"loc":{"start":{"line":341,"column":4},"end":{"line":343,"column":4}}},"16":{"name":"getPlayerTickets","line":345,"loc":{"start":{"line":345,"column":4},"end":{"line":347,"column":4}}},"17":{"name":"withdrawOwnerBalance","line":349,"loc":{"start":{"line":349,"column":4},"end":{"line":356,"column":4}}},"18":{"name":"withdrawOperationsBalance","line":358,"loc":{"start":{"line":358,"column":4},"end":{"line":365,"column":4}}},"19":{"name":null,"line":371,"loc":{"start":{"line":371,"column":4},"end":{"line":373,"column":4}}}},"statementMap":{"1":{"start":{"line":88,"column":8},"end":{"line":88,"column":61}},"2":{"start":{"line":101,"column":8},"end":{"line":101,"column":61}},"3":{"start":{"line":102,"column":8},"end":{"line":102,"column":78}},"4":{"start":{"line":104,"column":8},"end":{"line":104,"column":3237}},"5":{"start":{"line":116,"column":8},"end":{"line":116,"column":48}},"6":{"start":{"line":118,"column":8},"end":{"line":118,"column":28}},"7":{"start":{"line":120,"column":8},"end":{"line":120,"column":54}},"8":{"start":{"line":127,"column":8},"end":{"line":127,"column":64}},"9":{"start":{"line":129,"column":8},"end":{"line":129,"column":75}},"10":{"start":{"line":130,"column":8},"end":{"line":130,"column":4129}},"11":{"start":{"line":135,"column":8},"end":{"line":135,"column":4251}},"12":{"start":{"line":136,"column":12},"end":{"line":136,"column":4325}},"13":{"start":{"line":140,"column":12},"end":{"line":140,"column":4483}},"14":{"start":{"line":141,"column":16},"end":{"line":141,"column":4565}},"15":{"start":{"line":151,"column":8},"end":{"line":151,"column":70}},"16":{"start":{"line":153,"column":8},"end":{"line":153,"column":37}},"17":{"start":{"line":168,"column":8},"end":{"line":168,"column":56}},"18":{"start":{"line":170,"column":8},"end":{"line":170,"column":72}},"19":{"start":{"line":171,"column":8},"end":{"line":171,"column":67}},"20":{"start":{"line":172,"column":8},"end":{"line":172,"column":78}},"21":{"start":{"line":173,"column":8},"end":{"line":173,"column":5585}},"22":{"start":{"line":189,"column":8},"end":{"line":189,"column":56}},"23":{"start":{"line":191,"column":8},"end":{"line":191,"column":73}},"24":{"start":{"line":192,"column":8},"end":{"line":192,"column":67}},"25":{"start":{"line":193,"column":8},"end":{"line":193,"column":78}},"26":{"start":{"line":194,"column":8},"end":{"line":194,"column":75}},"27":{"start":{"line":195,"column":8},"end":{"line":195,"column":65}},"28":{"start":{"line":197,"column":8},"end":{"line":197,"column":6553}},"29":{"start":{"line":202,"column":8},"end":{"line":202,"column":64}},"30":{"start":{"line":203,"column":8},"end":{"line":203,"column":54}},"31":{"start":{"line":205,"column":8},"end":{"line":205,"column":37}},"32":{"start":{"line":206,"column":8},"end":{"line":206,"column":6870}},"33":{"start":{"line":215,"column":8},"end":{"line":215,"column":40}},"34":{"start":{"line":217,"column":8},"end":{"line":217,"column":58}},"35":{"start":{"line":222,"column":8},"end":{"line":222,"column":7299}},"36":{"start":{"line":236,"column":8},"end":{"line":236,"column":24}},"37":{"start":{"line":243,"column":8},"end":{"line":243,"column":57}},"38":{"start":{"line":244,"column":8},"end":{"line":244,"column":43}},"39":{"start":{"line":251,"column":8},"end":{"line":251,"column":67}},"40":{"start":{"line":257,"column":8},"end":{"line":257,"column":29}},"41":{"start":{"line":258,"column":8},"end":{"line":258,"column":37}},"42":{"start":{"line":259,"column":8},"end":{"line":259,"column":25}},"43":{"start":{"line":260,"column":8},"end":{"line":260,"column":63}},"44":{"start":{"line":261,"column":8},"end":{"line":261,"column":29}},"45":{"start":{"line":263,"column":8},"end":{"line":263,"column":8735}},"46":{"start":{"line":264,"column":12},"end":{"line":264,"column":8772}},"47":{"start":{"line":268,"column":12},"end":{"line":268,"column":63}},"48":{"start":{"line":271,"column":12},"end":{"line":271,"column":9035}},"49":{"start":{"line":278,"column":8},"end":{"line":278,"column":26}},"50":{"start":{"line":285,"column":8},"end":{"line":285,"column":25}},"51":{"start":{"line":286,"column":8},"end":{"line":286,"column":30}},"52":{"start":{"line":288,"column":8},"end":{"line":288,"column":9472}},"53":{"start":{"line":289,"column":12},"end":{"line":289,"column":9544}},"54":{"start":{"line":290,"column":16},"end":{"line":290,"column":9621}},"55":{"start":{"line":300,"column":8},"end":{"line":300,"column":22}},"56":{"start":{"line":306,"column":8},"end":{"line":306,"column":72}},"57":{"start":{"line":308,"column":8},"end":{"line":308,"column":10096}},"58":{"start":{"line":309,"column":12},"end":{"line":309,"column":20}},"59":{"start":{"line":310,"column":15},"end":{"line":310,"column":10163}},"60":{"start":{"line":311,"column":12},"end":{"line":311,"column":35}},"61":{"start":{"line":312,"column":15},"end":{"line":312,"column":10245}},"62":{"start":{"line":313,"column":12},"end":{"line":313,"column":38}},"63":{"start":{"line":314,"column":15},"end":{"line":314,"column":10330}},"64":{"start":{"line":315,"column":12},"end":{"line":315,"column":39}},"65":{"start":{"line":316,"column":15},"end":{"line":316,"column":10416}},"66":{"start":{"line":317,"column":12},"end":{"line":317,"column":39}},"67":{"start":{"line":319,"column":12},"end":{"line":319,"column":26}},"68":{"start":{"line":324,"column":8},"end":{"line":324,"column":47}},"69":{"start":{"line":325,"column":8},"end":{"line":325,"column":69}},"70":{"start":{"line":326,"column":8},"end":{"line":326,"column":49}},"71":{"start":{"line":333,"column":8},"end":{"line":333,"column":43}},"72":{"start":{"line":338,"column":8},"end":{"line":338,"column":28}},"73":{"start":{"line":342,"column":8},"end":{"line":342,"column":22}},"74":{"start":{"line":346,"column":8},"end":{"line":346,"column":40}},"75":{"start":{"line":350,"column":8},"end":{"line":350,"column":55}},"76":{"start":{"line":351,"column":8},"end":{"line":351,"column":37}},"77":{"start":{"line":353,"column":8},"end":{"line":353,"column":73}},"78":{"start":{"line":354,"column":8},"end":{"line":354,"column":57}},"79":{"start":{"line":355,"column":8},"end":{"line":355,"column":56}},"80":{"start":{"line":359,"column":8},"end":{"line":359,"column":60}},"81":{"start":{"line":360,"column":8},"end":{"line":360,"column":42}},"82":{"start":{"line":362,"column":8},"end":{"line":362,"column":73}},"83":{"start":{"line":363,"column":8},"end":{"line":363,"column":62}},"84":{"start":{"line":364,"column":8},"end":{"line":364,"column":61}},"85":{"start":{"line":372,"column":8},"end":{"line":372,"column":29}}},"branchMap":{"1":{"line":88,"type":"if","locations":[{"start":{"line":88,"column":8},"end":{"line":88,"column":8}},{"start":{"line":88,"column":8},"end":{"line":88,"column":8}}]},"2":{"line":101,"type":"if","locations":[{"start":{"line":101,"column":8},"end":{"line":101,"column":8}},{"start":{"line":101,"column":8},"end":{"line":101,"column":8}}]},"3":{"line":102,"type":"if","locations":[{"start":{"line":102,"column":8},"end":{"line":102,"column":8}},{"start":{"line":102,"column":8},"end":{"line":102,"column":8}}]},"4":{"line":129,"type":"if","locations":[{"start":{"line":129,"column":8},"end":{"line":129,"column":8}},{"start":{"line":129,"column":8},"end":{"line":129,"column":8}}]},"5":{"line":130,"type":"if","locations":[{"start":{"line":130,"column":8},"end":{"line":130,"column":8}},{"start":{"line":130,"column":8},"end":{"line":130,"column":8}}]},"6":{"line":136,"type":"if","locations":[{"start":{"line":136,"column":12},"end":{"line":136,"column":12}},{"start":{"line":136,"column":12},"end":{"line":136,"column":12}}]},"7":{"line":141,"type":"if","locations":[{"start":{"line":141,"column":16},"end":{"line":141,"column":16}},{"start":{"line":141,"column":16},"end":{"line":141,"column":16}}]},"8":{"line":170,"type":"if","locations":[{"start":{"line":170,"column":8},"end":{"line":170,"column":8}},{"start":{"line":170,"column":8},"end":{"line":170,"column":8}}]},"9":{"line":171,"type":"if","locations":[{"start":{"line":171,"column":8},"end":{"line":171,"column":8}},{"start":{"line":171,"column":8},"end":{"line":171,"column":8}}]},"10":{"line":172,"type":"if","locations":[{"start":{"line":172,"column":8},"end":{"line":172,"column":8}},{"start":{"line":172,"column":8},"end":{"line":172,"column":8}}]},"11":{"line":173,"type":"if","locations":[{"start":{"line":173,"column":8},"end":{"line":173,"column":8}},{"start":{"line":173,"column":8},"end":{"line":173,"column":8}}]},"12":{"line":188,"type":"if","locations":[{"start":{"line":188,"column":52},"end":{"line":188,"column":52}},{"start":{"line":188,"column":52},"end":{"line":188,"column":52}}]},"13":{"line":191,"type":"if","locations":[{"start":{"line":191,"column":8},"end":{"line":191,"column":8}},{"start":{"line":191,"column":8},"end":{"line":191,"column":8}}]},"14":{"line":192,"type":"if","locations":[{"start":{"line":192,"column":8},"end":{"line":192,"column":8}},{"start":{"line":192,"column":8},"end":{"line":192,"column":8}}]},"15":{"line":193,"type":"if","locations":[{"start":{"line":193,"column":8},"end":{"line":193,"column":8}},{"start":{"line":193,"column":8},"end":{"line":193,"column":8}}]},"16":{"line":194,"type":"if","locations":[{"start":{"line":194,"column":8},"end":{"line":194,"column":8}},{"start":{"line":194,"column":8},"end":{"line":194,"column":8}}]},"17":{"line":195,"type":"if","locations":[{"start":{"line":195,"column":8},"end":{"line":195,"column":8}},{"start":{"line":195,"column":8},"end":{"line":195,"column":8}}]},"18":{"line":203,"type":"if","locations":[{"start":{"line":203,"column":8},"end":{"line":203,"column":8}},{"start":{"line":203,"column":8},"end":{"line":203,"column":8}}]},"19":{"line":206,"type":"if","locations":[{"start":{"line":206,"column":8},"end":{"line":206,"column":8}},{"start":{"line":206,"column":8},"end":{"line":206,"column":8}}]},"20":{"line":264,"type":"if","locations":[{"start":{"line":264,"column":12},"end":{"line":264,"column":12}},{"start":{"line":264,"column":12},"end":{"line":264,"column":12}}]},"21":{"line":271,"type":"if","locations":[{"start":{"line":271,"column":12},"end":{"line":271,"column":12}},{"start":{"line":271,"column":12},"end":{"line":271,"column":12}}]},"22":{"line":290,"type":"if","locations":[{"start":{"line":290,"column":16},"end":{"line":290,"column":16}},{"start":{"line":290,"column":16},"end":{"line":290,"column":16}}]},"23":{"line":306,"type":"if","locations":[{"start":{"line":306,"column":8},"end":{"line":306,"column":8}},{"start":{"line":306,"column":8},"end":{"line":306,"column":8}}]},"24":{"line":308,"type":"if","locations":[{"start":{"line":308,"column":8},"end":{"line":308,"column":8}},{"start":{"line":308,"column":8},"end":{"line":308,"column":8}}]},"25":{"line":310,"type":"if","locations":[{"start":{"line":310,"column":15},"end":{"line":310,"column":15}},{"start":{"line":310,"column":15},"end":{"line":310,"column":15}}]},"26":{"line":312,"type":"if","locations":[{"start":{"line":312,"column":15},"end":{"line":312,"column":15}},{"start":{"line":312,"column":15},"end":{"line":312,"column":15}}]},"27":{"line":314,"type":"if","locations":[{"start":{"line":314,"column":15},"end":{"line":314,"column":15}},{"start":{"line":314,"column":15},"end":{"line":314,"column":15}}]},"28":{"line":316,"type":"if","locations":[{"start":{"line":316,"column":15},"end":{"line":316,"column":15}},{"start":{"line":316,"column":15},"end":{"line":316,"column":15}}]},"29":{"line":324,"type":"if","locations":[{"start":{"line":324,"column":8},"end":{"line":324,"column":8}},{"start":{"line":324,"column":8},"end":{"line":324,"column":8}}]},"30":{"line":326,"type":"if","locations":[{"start":{"line":326,"column":8},"end":{"line":326,"column":8}},{"start":{"line":326,"column":8},"end":{"line":326,"column":8}}]},"31":{"line":349,"type":"if","locations":[{"start":{"line":349,"column":51},"end":{"line":349,"column":51}},{"start":{"line":349,"column":51},"end":{"line":349,"column":51}}]},"32":{"line":350,"type":"if","locations":[{"start":{"line":350,"column":8},"end":{"line":350,"column":8}},{"start":{"line":350,"column":8},"end":{"line":350,"column":8}}]},"33":{"line":354,"type":"if","locations":[{"start":{"line":354,"column":8},"end":{"line":354,"column":8}},{"start":{"line":354,"column":8},"end":{"line":354,"column":8}}]},"34":{"line":358,"type":"if","locations":[{"start":{"line":358,"column":56},"end":{"line":358,"column":56}},{"start":{"line":358,"column":56},"end":{"line":358,"column":56}}]},"35":{"line":359,"type":"if","locations":[{"start":{"line":359,"column":8},"end":{"line":359,"column":8}},{"start":{"line":359,"column":8},"end":{"line":359,"column":8}}]},"36":{"line":363,"type":"if","locations":[{"start":{"line":363,"column":8},"end":{"line":363,"column":8}},{"start":{"line":363,"column":8},"end":{"line":363,"column":8}}]}}},"contracts\\LotteryTest.sol":{"l":{"86":6,"87":4,"94":52,"95":52,"96":52,"100":1,"104":9,"108":4,"112":4,"116":0,"122":6,"126":18,"130":10,"131":10,"133":10,"144":10,"146":10,"147":10,"149":10,"153":7,"154":7,"156":6,"167":6,"168":6,"170":6,"172":6,"179":15,"181":15,"182":14,"187":12,"188":56,"192":55,"193":114,"200":10,"201":10,"203":10,"205":10,"220":3,"222":3,"223":3,"224":3,"225":2,"230":1,"235":1,"236":1,"237":1,"241":5,"243":5,"244":4,"245":4,"246":4,"247":4,"249":3,"254":3,"255":3,"257":2,"258":2,"259":2,"261":0,"262":0,"265":2,"267":2,"269":2,"275":2,"279":12,"292":12,"293":12,"294":12,"301":1,"308":4,"309":4,"316":1,"317":1,"319":1,"322":1,"324":1,"328":0,"334":1,"340":2,"341":2,"342":2,"343":2,"344":2,"346":2,"347":12,"348":0,"349":0,"351":12,"352":12,"354":12,"355":10,"356":10,"357":10,"361":2,"368":16,"375":20,"376":20,"378":20,"379":100,"380":387,"383":47,"384":47,"385":47,"390":20,"396":7,"402":11,"404":10,"405":2,"407":1,"409":1,"411":4,"413":1,"415":1,"420":2,"424":4,"425":3,"426":3,"430":0,"434":18,"435":18,"436":18,"437":18,"441":2,"442":1,"443":1,"444":1,"445":1,"446":1,"450":2,"451":1,"452":1,"453":1,"454":1,"455":1,"459":12,"463":1},"path":"D:\\practice\\solidity\\Lottery\\contract\\contracts\\LotteryTest.sol","s":{"1":6,"2":1,"3":9,"4":4,"5":4,"6":0,"7":6,"8":18,"9":10,"10":10,"11":10,"12":10,"13":7,"14":7,"15":6,"16":6,"17":6,"18":6,"19":15,"20":15,"21":14,"22":12,"23":56,"24":55,"25":114,"26":10,"27":10,"28":3,"29":3,"30":3,"31":3,"32":2,"33":5,"34":5,"35":4,"36":4,"37":4,"38":4,"39":3,"40":3,"41":3,"42":2,"43":2,"44":2,"45":2,"46":2,"47":12,"48":12,"49":12,"50":1,"51":1,"52":1,"53":1,"54":0,"55":1,"56":2,"57":2,"58":2,"59":2,"60":2,"61":2,"62":12,"63":12,"64":12,"65":2,"66":16,"67":20,"68":20,"69":20,"70":100,"71":387,"72":20,"73":7,"74":11,"75":10,"76":2,"77":8,"78":1,"79":7,"80":1,"81":6,"82":4,"83":2,"84":1,"85":1,"86":2,"87":4,"88":3,"89":3,"90":0,"91":18,"92":2,"93":1,"94":1,"95":1,"96":1,"97":2,"98":1,"99":1,"100":1,"101":1,"102":1},"b":{"1":[4,2],"2":[7,0],"3":[6,1],"4":[14,1],"5":[12,2],"6":[55,1],"7":[113,1],"8":[3,0],"9":[3,0],"10":[2,1],"11":[1,1],"12":[5,0],"13":[4,1],"14":[4,0],"15":[4,0],"16":[4,0],"17":[3,1],"18":[2,1],"19":[2,0],"20":[0,12],"21":[10,2],"22":[47,340],"23":[10,1],"24":[2,8],"25":[1,7],"26":[1,6],"27":[4,2],"28":[1,1],"29":[3,1],"30":[3,0],"31":[2,1],"32":[1,1],"33":[1,0],"34":[2,1],"35":[1,1],"36":[1,0]},"f":{"1":6,"2":52,"3":1,"4":9,"5":4,"6":4,"7":0,"8":6,"9":18,"10":10,"11":7,"12":15,"13":3,"14":5,"15":2,"16":12,"17":1,"18":4,"19":1,"20":0,"21":1,"22":2,"23":16,"24":20,"25":7,"26":11,"27":2,"28":4,"29":0,"30":18,"31":2,"32":2,"33":1},"fnMap":{"1":{"name":"_onlyOwner","line":85,"loc":{"start":{"line":85,"column":4},"end":{"line":88,"column":4}}},"2":{"name":"constructor","line":93,"loc":{"start":{"line":90,"column":4},"end":{"line":97,"column":4}}},"3":{"name":"getContractOwner","line":99,"loc":{"start":{"line":99,"column":4},"end":{"line":101,"column":4}}},"4":{"name":"getJackpot","line":103,"loc":{"start":{"line":103,"column":4},"end":{"line":105,"column":4}}},"5":{"name":"getOperationsBalance","line":107,"loc":{"start":{"line":107,"column":4},"end":{"line":109,"column":4}}},"6":{"name":"getOwnerBalance","line":111,"loc":{"start":{"line":111,"column":4},"end":{"line":113,"column":4}}},"7":{"name":"getTestTicket","line":115,"loc":{"start":{"line":115,"column":4},"end":{"line":117,"column":4}}},"8":{"name":"getTicketById","line":119,"loc":{"start":{"line":119,"column":4},"end":{"line":123,"column":4}}},"9":{"name":"getPlayerTickets","line":125,"loc":{"start":{"line":125,"column":4},"end":{"line":127,"column":4}}},"10":{"name":"assignTestTicket","line":129,"loc":{"start":{"line":129,"column":4},"end":{"line":150,"column":4}}},"11":{"name":"buyTicket","line":152,"loc":{"start":{"line":152,"column":4},"end":{"line":173,"column":4}}},"12":{"name":"submitCombination","line":175,"loc":{"start":{"line":175,"column":4},"end":{"line":206,"column":4}}},"13":{"name":"previewResults","line":208,"loc":{"start":{"line":208,"column":4},"end":{"line":238,"column":4}}},"14":{"name":"claimReward","line":240,"loc":{"start":{"line":240,"column":4},"end":{"line":270,"column":4}}},"15":{"name":"test_requestRandomNumber","line":272,"loc":{"start":{"line":272,"column":4},"end":{"line":276,"column":4}}},"16":{"name":"_requestRandomNumber","line":278,"loc":{"start":{"line":278,"column":4},"end":{"line":295,"column":4}}},"17":{"name":"test_fulfillRandomWords","line":297,"loc":{"start":{"line":297,"column":4},"end":{"line":302,"column":4}}},"18":{"name":"test_setWinningCombination","line":304,"loc":{"start":{"line":304,"column":4},"end":{"line":310,"column":4}}},"19":{"name":"fulfillRandomWords","line":312,"loc":{"start":{"line":312,"column":4},"end":{"line":325,"column":4}}},"20":{"name":"getWinningCombination","line":327,"loc":{"start":{"line":327,"column":4},"end":{"line":329,"column":4}}},"21":{"name":"test_generateWinningCombination","line":331,"loc":{"start":{"line":331,"column":4},"end":{"line":335,"column":4}}},"22":{"name":"_generateWinningCombination","line":337,"loc":{"start":{"line":337,"column":4},"end":{"line":362,"column":4}}},"23":{"name":"test_checkWinningCombination","line":364,"loc":{"start":{"line":364,"column":4},"end":{"line":369,"column":4}}},"24":{"name":"_checkWinningCombination","line":371,"loc":{"start":{"line":371,"column":4},"end":{"line":391,"column":4}}},"25":{"name":"test_calculateReward","line":393,"loc":{"start":{"line":393,"column":4},"end":{"line":397,"column":4}}},"26":{"name":"_calculateReward","line":399,"loc":{"start":{"line":399,"column":4},"end":{"line":417,"column":4}}},"27":{"name":"test_sendReward","line":419,"loc":{"start":{"line":419,"column":4},"end":{"line":421,"column":4}}},"28":{"name":"_sendReward","line":423,"loc":{"start":{"line":423,"column":4},"end":{"line":427,"column":4}}},"29":{"name":"testDistribute","line":429,"loc":{"start":{"line":429,"column":4},"end":{"line":431,"column":4}}},"30":{"name":"distribute","line":433,"loc":{"start":{"line":433,"column":4},"end":{"line":438,"column":4}}},"31":{"name":"withdrawOwnerBalance","line":440,"loc":{"start":{"line":440,"column":4},"end":{"line":447,"column":4}}},"32":{"name":"withdrawOperationsBalance","line":449,"loc":{"start":{"line":449,"column":4},"end":{"line":456,"column":4}}},"33":{"name":null,"line":462,"loc":{"start":{"line":462,"column":4},"end":{"line":464,"column":4}}}},"statementMap":{"1":{"start":{"line":86,"column":8},"end":{"line":86,"column":61}},"2":{"start":{"line":100,"column":8},"end":{"line":100,"column":28}},"3":{"start":{"line":104,"column":8},"end":{"line":104,"column":22}},"4":{"start":{"line":108,"column":8},"end":{"line":108,"column":32}},"5":{"start":{"line":112,"column":8},"end":{"line":112,"column":27}},"6":{"start":{"line":116,"column":8},"end":{"line":116,"column":25}},"7":{"start":{"line":122,"column":8},"end":{"line":122,"column":32}},"8":{"start":{"line":126,"column":8},"end":{"line":126,"column":40}},"9":{"start":{"line":131,"column":8},"end":{"line":131,"column":41}},"10":{"start":{"line":133,"column":8},"end":{"line":133,"column":4251}},"11":{"start":{"line":147,"column":8},"end":{"line":147,"column":48}},"12":{"start":{"line":149,"column":8},"end":{"line":149,"column":50}},"13":{"start":{"line":153,"column":8},"end":{"line":153,"column":61}},"14":{"start":{"line":154,"column":8},"end":{"line":154,"column":78}},"15":{"start":{"line":156,"column":8},"end":{"line":156,"column":5066}},"16":{"start":{"line":168,"column":8},"end":{"line":168,"column":48}},"17":{"start":{"line":170,"column":8},"end":{"line":170,"column":28}},"18":{"start":{"line":172,"column":8},"end":{"line":172,"column":54}},"19":{"start":{"line":179,"column":8},"end":{"line":179,"column":64}},"20":{"start":{"line":181,"column":8},"end":{"line":181,"column":75}},"21":{"start":{"line":182,"column":8},"end":{"line":182,"column":5958}},"22":{"start":{"line":187,"column":8},"end":{"line":187,"column":6080}},"23":{"start":{"line":188,"column":12},"end":{"line":188,"column":6154}},"24":{"start":{"line":192,"column":12},"end":{"line":192,"column":6312}},"25":{"start":{"line":193,"column":16},"end":{"line":193,"column":6394}},"26":{"start":{"line":203,"column":8},"end":{"line":203,"column":70}},"27":{"start":{"line":205,"column":8},"end":{"line":205,"column":37}},"28":{"start":{"line":220,"column":8},"end":{"line":220,"column":56}},"29":{"start":{"line":222,"column":8},"end":{"line":222,"column":72}},"30":{"start":{"line":223,"column":8},"end":{"line":223,"column":67}},"31":{"start":{"line":224,"column":8},"end":{"line":224,"column":78}},"32":{"start":{"line":225,"column":8},"end":{"line":225,"column":7414}},"33":{"start":{"line":241,"column":8},"end":{"line":241,"column":56}},"34":{"start":{"line":243,"column":8},"end":{"line":243,"column":73}},"35":{"start":{"line":244,"column":8},"end":{"line":244,"column":67}},"36":{"start":{"line":245,"column":8},"end":{"line":245,"column":78}},"37":{"start":{"line":246,"column":8},"end":{"line":246,"column":75}},"38":{"start":{"line":247,"column":8},"end":{"line":247,"column":65}},"39":{"start":{"line":249,"column":8},"end":{"line":249,"column":8382}},"40":{"start":{"line":254,"column":8},"end":{"line":254,"column":64}},"41":{"start":{"line":255,"column":8},"end":{"line":255,"column":54}},"42":{"start":{"line":257,"column":8},"end":{"line":257,"column":37}},"43":{"start":{"line":258,"column":8},"end":{"line":258,"column":8699}},"44":{"start":{"line":267,"column":8},"end":{"line":267,"column":40}},"45":{"start":{"line":269,"column":8},"end":{"line":269,"column":58}},"46":{"start":{"line":275,"column":8},"end":{"line":275,"column":45}},"47":{"start":{"line":279,"column":8},"end":{"line":279,"column":9264}},"48":{"start":{"line":293,"column":8},"end":{"line":293,"column":54}},"49":{"start":{"line":294,"column":8},"end":{"line":294,"column":24}},"50":{"start":{"line":301,"column":8},"end":{"line":301,"column":49}},"51":{"start":{"line":316,"column":8},"end":{"line":316,"column":57}},"52":{"start":{"line":317,"column":8},"end":{"line":317,"column":43}},"53":{"start":{"line":324,"column":8},"end":{"line":324,"column":67}},"54":{"start":{"line":328,"column":8},"end":{"line":328,"column":44}},"55":{"start":{"line":334,"column":8},"end":{"line":334,"column":54}},"56":{"start":{"line":340,"column":8},"end":{"line":340,"column":29}},"57":{"start":{"line":341,"column":8},"end":{"line":341,"column":37}},"58":{"start":{"line":342,"column":8},"end":{"line":342,"column":25}},"59":{"start":{"line":343,"column":8},"end":{"line":343,"column":63}},"60":{"start":{"line":344,"column":8},"end":{"line":344,"column":29}},"61":{"start":{"line":346,"column":8},"end":{"line":346,"column":11533}},"62":{"start":{"line":347,"column":12},"end":{"line":347,"column":11570}},"63":{"start":{"line":351,"column":12},"end":{"line":351,"column":63}},"64":{"start":{"line":354,"column":12},"end":{"line":354,"column":11833}},"65":{"start":{"line":361,"column":8},"end":{"line":361,"column":26}},"66":{"start":{"line":368,"column":8},"end":{"line":368,"column":78}},"67":{"start":{"line":375,"column":8},"end":{"line":375,"column":25}},"68":{"start":{"line":376,"column":8},"end":{"line":376,"column":30}},"69":{"start":{"line":378,"column":8},"end":{"line":378,"column":12535}},"70":{"start":{"line":379,"column":12},"end":{"line":379,"column":12607}},"71":{"start":{"line":380,"column":16},"end":{"line":380,"column":12684}},"72":{"start":{"line":390,"column":8},"end":{"line":390,"column":22}},"73":{"start":{"line":396,"column":8},"end":{"line":396,"column":48}},"74":{"start":{"line":402,"column":8},"end":{"line":402,"column":72}},"75":{"start":{"line":404,"column":8},"end":{"line":404,"column":13327}},"76":{"start":{"line":405,"column":12},"end":{"line":405,"column":20}},"77":{"start":{"line":406,"column":15},"end":{"line":406,"column":13394}},"78":{"start":{"line":407,"column":12},"end":{"line":407,"column":35}},"79":{"start":{"line":408,"column":15},"end":{"line":408,"column":13476}},"80":{"start":{"line":409,"column":12},"end":{"line":409,"column":38}},"81":{"start":{"line":410,"column":15},"end":{"line":410,"column":13561}},"82":{"start":{"line":411,"column":12},"end":{"line":411,"column":39}},"83":{"start":{"line":412,"column":15},"end":{"line":412,"column":13647}},"84":{"start":{"line":413,"column":12},"end":{"line":413,"column":39}},"85":{"start":{"line":415,"column":12},"end":{"line":415,"column":26}},"86":{"start":{"line":420,"column":8},"end":{"line":420,"column":37}},"87":{"start":{"line":424,"column":8},"end":{"line":424,"column":47}},"88":{"start":{"line":425,"column":8},"end":{"line":425,"column":69}},"89":{"start":{"line":426,"column":8},"end":{"line":426,"column":49}},"90":{"start":{"line":430,"column":8},"end":{"line":430,"column":25}},"91":{"start":{"line":437,"column":8},"end":{"line":437,"column":43}},"92":{"start":{"line":441,"column":8},"end":{"line":441,"column":55}},"93":{"start":{"line":442,"column":8},"end":{"line":442,"column":37}},"94":{"start":{"line":444,"column":8},"end":{"line":444,"column":73}},"95":{"start":{"line":445,"column":8},"end":{"line":445,"column":57}},"96":{"start":{"line":446,"column":8},"end":{"line":446,"column":56}},"97":{"start":{"line":450,"column":8},"end":{"line":450,"column":60}},"98":{"start":{"line":451,"column":8},"end":{"line":451,"column":42}},"99":{"start":{"line":453,"column":8},"end":{"line":453,"column":73}},"100":{"start":{"line":454,"column":8},"end":{"line":454,"column":62}},"101":{"start":{"line":455,"column":8},"end":{"line":455,"column":61}},"102":{"start":{"line":463,"column":8},"end":{"line":463,"column":29}}},"branchMap":{"1":{"line":86,"type":"if","locations":[{"start":{"line":86,"column":8},"end":{"line":86,"column":8}},{"start":{"line":86,"column":8},"end":{"line":86,"column":8}}]},"2":{"line":153,"type":"if","locations":[{"start":{"line":153,"column":8},"end":{"line":153,"column":8}},{"start":{"line":153,"column":8},"end":{"line":153,"column":8}}]},"3":{"line":154,"type":"if","locations":[{"start":{"line":154,"column":8},"end":{"line":154,"column":8}},{"start":{"line":154,"column":8},"end":{"line":154,"column":8}}]},"4":{"line":181,"type":"if","locations":[{"start":{"line":181,"column":8},"end":{"line":181,"column":8}},{"start":{"line":181,"column":8},"end":{"line":181,"column":8}}]},"5":{"line":182,"type":"if","locations":[{"start":{"line":182,"column":8},"end":{"line":182,"column":8}},{"start":{"line":182,"column":8},"end":{"line":182,"column":8}}]},"6":{"line":188,"type":"if","locations":[{"start":{"line":188,"column":12},"end":{"line":188,"column":12}},{"start":{"line":188,"column":12},"end":{"line":188,"column":12}}]},"7":{"line":193,"type":"if","locations":[{"start":{"line":193,"column":16},"end":{"line":193,"column":16}},{"start":{"line":193,"column":16},"end":{"line":193,"column":16}}]},"8":{"line":222,"type":"if","locations":[{"start":{"line":222,"column":8},"end":{"line":222,"column":8}},{"start":{"line":222,"column":8},"end":{"line":222,"column":8}}]},"9":{"line":223,"type":"if","locations":[{"start":{"line":223,"column":8},"end":{"line":223,"column":8}},{"start":{"line":223,"column":8},"end":{"line":223,"column":8}}]},"10":{"line":224,"type":"if","locations":[{"start":{"line":224,"column":8},"end":{"line":224,"column":8}},{"start":{"line":224,"column":8},"end":{"line":224,"column":8}}]},"11":{"line":225,"type":"if","locations":[{"start":{"line":225,"column":8},"end":{"line":225,"column":8}},{"start":{"line":225,"column":8},"end":{"line":225,"column":8}}]},"12":{"line":240,"type":"if","locations":[{"start":{"line":240,"column":52},"end":{"line":240,"column":52}},{"start":{"line":240,"column":52},"end":{"line":240,"column":52}}]},"13":{"line":243,"type":"if","locations":[{"start":{"line":243,"column":8},"end":{"line":243,"column":8}},{"start":{"line":243,"column":8},"end":{"line":243,"column":8}}]},"14":{"line":244,"type":"if","locations":[{"start":{"line":244,"column":8},"end":{"line":244,"column":8}},{"start":{"line":244,"column":8},"end":{"line":244,"column":8}}]},"15":{"line":245,"type":"if","locations":[{"start":{"line":245,"column":8},"end":{"line":245,"column":8}},{"start":{"line":245,"column":8},"end":{"line":245,"column":8}}]},"16":{"line":246,"type":"if","locations":[{"start":{"line":246,"column":8},"end":{"line":246,"column":8}},{"start":{"line":246,"column":8},"end":{"line":246,"column":8}}]},"17":{"line":247,"type":"if","locations":[{"start":{"line":247,"column":8},"end":{"line":247,"column":8}},{"start":{"line":247,"column":8},"end":{"line":247,"column":8}}]},"18":{"line":255,"type":"if","locations":[{"start":{"line":255,"column":8},"end":{"line":255,"column":8}},{"start":{"line":255,"column":8},"end":{"line":255,"column":8}}]},"19":{"line":258,"type":"if","locations":[{"start":{"line":258,"column":8},"end":{"line":258,"column":8}},{"start":{"line":258,"column":8},"end":{"line":258,"column":8}}]},"20":{"line":347,"type":"if","locations":[{"start":{"line":347,"column":12},"end":{"line":347,"column":12}},{"start":{"line":347,"column":12},"end":{"line":347,"column":12}}]},"21":{"line":354,"type":"if","locations":[{"start":{"line":354,"column":12},"end":{"line":354,"column":12}},{"start":{"line":354,"column":12},"end":{"line":354,"column":12}}]},"22":{"line":380,"type":"if","locations":[{"start":{"line":380,"column":16},"end":{"line":380,"column":16}},{"start":{"line":380,"column":16},"end":{"line":380,"column":16}}]},"23":{"line":402,"type":"if","locations":[{"start":{"line":402,"column":8},"end":{"line":402,"column":8}},{"start":{"line":402,"column":8},"end":{"line":402,"column":8}}]},"24":{"line":404,"type":"if","locations":[{"start":{"line":404,"column":8},"end":{"line":404,"column":8}},{"start":{"line":404,"column":8},"end":{"line":404,"column":8}}]},"25":{"line":406,"type":"if","locations":[{"start":{"line":406,"column":15},"end":{"line":406,"column":15}},{"start":{"line":406,"column":15},"end":{"line":406,"column":15}}]},"26":{"line":408,"type":"if","locations":[{"start":{"line":408,"column":15},"end":{"line":408,"column":15}},{"start":{"line":408,"column":15},"end":{"line":408,"column":15}}]},"27":{"line":410,"type":"if","locations":[{"start":{"line":410,"column":15},"end":{"line":410,"column":15}},{"start":{"line":410,"column":15},"end":{"line":410,"column":15}}]},"28":{"line":412,"type":"if","locations":[{"start":{"line":412,"column":15},"end":{"line":412,"column":15}},{"start":{"line":412,"column":15},"end":{"line":412,"column":15}}]},"29":{"line":424,"type":"if","locations":[{"start":{"line":424,"column":8},"end":{"line":424,"column":8}},{"start":{"line":424,"column":8},"end":{"line":424,"column":8}}]},"30":{"line":426,"type":"if","locations":[{"start":{"line":426,"column":8},"end":{"line":426,"column":8}},{"start":{"line":426,"column":8},"end":{"line":426,"column":8}}]},"31":{"line":440,"type":"if","locations":[{"start":{"line":440,"column":51},"end":{"line":440,"column":51}},{"start":{"line":440,"column":51},"end":{"line":440,"column":51}}]},"32":{"line":441,"type":"if","locations":[{"start":{"line":441,"column":8},"end":{"line":441,"column":8}},{"start":{"line":441,"column":8},"end":{"line":441,"column":8}}]},"33":{"line":445,"type":"if","locations":[{"start":{"line":445,"column":8},"end":{"line":445,"column":8}},{"start":{"line":445,"column":8},"end":{"line":445,"column":8}}]},"34":{"line":449,"type":"if","locations":[{"start":{"line":449,"column":56},"end":{"line":449,"column":56}},{"start":{"line":449,"column":56},"end":{"line":449,"column":56}}]},"35":{"line":450,"type":"if","locations":[{"start":{"line":450,"column":8},"end":{"line":450,"column":8}},{"start":{"line":450,"column":8},"end":{"line":450,"column":8}}]},"36":{"line":454,"type":"if","locations":[{"start":{"line":454,"column":8},"end":{"line":454,"column":8}},{"start":{"line":454,"column":8},"end":{"line":454,"column":8}}]}}},"contracts\\VRFCoordinatorV2_5Mock.sol":{"l":{"61":52,"62":52,"63":52,"64":52,"71":52,"82":52,"89":12,"93":12,"94":0,"96":12,"114":0,"129":0,"130":0,"131":0,"133":0,"135":0,"136":0,"137":0,"138":0,"141":0,"144":0,"145":0,"150":0,"152":0,"153":0,"155":0,"158":0,"160":0,"161":0,"163":0,"165":0,"167":0,"168":0,"184":0,"185":0,"186":0,"187":0,"188":0,"190":0,"191":0,"193":0,"194":0,"195":0,"197":0,"198":0,"209":0,"210":0,"212":0,"213":0,"214":0,"215":0,"224":12,"225":0,"227":12,"228":0,"229":12,"241":12,"242":12,"243":0,"246":12,"247":12,"249":12,"252":12,"259":12,"270":12,"286":0,"287":0,"289":0,"290":0,"291":0,"292":0,"293":0,"294":0,"295":0,"296":0,"299":0,"300":0,"310":0,"312":0,"313":0,"314":0,"316":0,"322":0},"path":"D:\\practice\\solidity\\Lottery\\contract\\contracts\\VRFCoordinatorV2_5Mock.sol","s":{"1":52,"2":52,"3":12,"4":12,"5":0,"6":0,"7":0,"8":0,"9":0,"10":0,"11":0,"12":0,"13":0,"14":0,"15":0,"16":0,"17":0,"18":0,"19":0,"20":0,"21":0,"22":0,"23":0,"24":0,"25":0,"26":0,"27":0,"28":0,"29":0,"30":12,"31":0,"32":12,"33":12,"34":12,"35":12,"36":12,"37":12,"38":12,"39":12,"40":12,"41":0,"42":0,"43":0,"44":0,"45":0,"46":0,"47":0,"48":0,"49":0,"50":0,"51":0,"52":0},"b":{"1":[52,0],"2":[0,12],"3":[0,0],"4":[0,0],"5":[0,0],"6":[0,0],"7":[0,0],"8":[0,0],"9":[0,0],"10":[0,0],"11":[0,0],"12":[0,12],"13":[0,12],"14":[12,0],"15":[12,0],"16":[0,12],"17":[0,0],"18":[0,0],"19":[0,0],"20":[0,0],"21":[0,0],"22":[0,0],"23":[0,0],"24":[0,0]},"f":{"1":52,"2":52,"3":12,"4":12,"5":0,"6":0,"7":0,"8":0,"9":12,"10":12,"11":0,"12":0,"13":0},"fnMap":{"1":{"name":"constructor","line":60,"loc":{"start":{"line":56,"column":4},"end":{"line":65,"column":4}}},"2":{"name":"setConfig","line":70,"loc":{"start":{"line":70,"column":4},"end":{"line":83,"column":4}}},"3":{"name":"consumerIsAdded","line":85,"loc":{"start":{"line":85,"column":4},"end":{"line":90,"column":4}}},"4":{"name":"onlyValidConsumer","line":92,"loc":{"start":{"line":92,"column":4},"end":{"line":97,"column":4}}},"5":{"name":"fulfillRandomWords","line":113,"loc":{"start":{"line":110,"column":4},"end":{"line":115,"column":4}}},"6":{"name":"fulfillRandomWordsWithOverride","line":124,"loc":{"start":{"line":124,"column":4},"end":{"line":177,"column":4}}},"7":{"name":"_chargePayment","line":179,"loc":{"start":{"line":179,"column":4},"end":{"line":200,"column":4}}},"8":{"name":"fundSubscription","line":208,"loc":{"start":{"line":208,"column":4},"end":{"line":216,"column":4}}},"9":{"name":"_fromBytes","line":221,"loc":{"start":{"line":221,"column":4},"end":{"line":230,"column":4}}},"10":{"name":"requestRandomWords","line":238,"loc":{"start":{"line":232,"column":4},"end":{"line":271,"column":4}}},"11":{"name":"removeConsumer","line":284,"loc":{"start":{"line":276,"column":4},"end":{"line":301,"column":4}}},"12":{"name":"cancelSubscription","line":309,"loc":{"start":{"line":306,"column":4},"end":{"line":317,"column":4}}},"13":{"name":"pendingRequestExists","line":319,"loc":{"start":{"line":319,"column":4},"end":{"line":323,"column":4}}}},"statementMap":{"1":{"start":{"line":64,"column":8},"end":{"line":64,"column":18}},"2":{"start":{"line":82,"column":8},"end":{"line":82,"column":24}},"3":{"start":{"line":89,"column":8},"end":{"line":89,"column":52}},"4":{"start":{"line":93,"column":8},"end":{"line":93,"column":2924}},"5":{"start":{"line":114,"column":8},"end":{"line":114,"column":78}},"6":{"start":{"line":129,"column":8},"end":{"line":129,"column":36}},"7":{"start":{"line":130,"column":8},"end":{"line":130,"column":4310}},"8":{"start":{"line":133,"column":8},"end":{"line":133,"column":51}},"9":{"start":{"line":135,"column":8},"end":{"line":135,"column":4460}},"10":{"start":{"line":137,"column":12},"end":{"line":137,"column":4552}},"11":{"start":{"line":140,"column":15},"end":{"line":140,"column":4697}},"12":{"start":{"line":144,"column":8},"end":{"line":144,"column":31}},"13":{"start":{"line":145,"column":8},"end":{"line":145,"column":4828}},"14":{"start":{"line":152,"column":8},"end":{"line":152,"column":77}},"15":{"start":{"line":155,"column":8},"end":{"line":155,"column":5223}},"16":{"start":{"line":158,"column":8},"end":{"line":158,"column":5355}},"17":{"start":{"line":160,"column":8},"end":{"line":160,"column":5407}},"18":{"start":{"line":163,"column":8},"end":{"line":163,"column":43}},"19":{"start":{"line":165,"column":8},"end":{"line":165,"column":56}},"20":{"start":{"line":168,"column":8},"end":{"line":168,"column":5672}},"21":{"start":{"line":184,"column":8},"end":{"line":184,"column":65}},"22":{"start":{"line":185,"column":8},"end":{"line":185,"column":6069}},"23":{"start":{"line":186,"column":12},"end":{"line":186,"column":54}},"24":{"start":{"line":187,"column":12},"end":{"line":187,"column":6162}},"25":{"start":{"line":193,"column":12},"end":{"line":193,"column":48}},"26":{"start":{"line":194,"column":12},"end":{"line":194,"column":6430}},"27":{"start":{"line":209,"column":8},"end":{"line":209,"column":6916}},"28":{"start":{"line":212,"column":8},"end":{"line":212,"column":60}},"29":{"start":{"line":215,"column":8},"end":{"line":215,"column":73}},"30":{"start":{"line":224,"column":8},"end":{"line":224,"column":7545}},"31":{"start":{"line":225,"column":12},"end":{"line":225,"column":70}},"32":{"start":{"line":227,"column":8},"end":{"line":227,"column":7696}},"33":{"start":{"line":229,"column":8},"end":{"line":229,"column":71}},"34":{"start":{"line":241,"column":8},"end":{"line":241,"column":34}},"35":{"start":{"line":242,"column":8},"end":{"line":242,"column":8123}},"36":{"start":{"line":246,"column":8},"end":{"line":246,"column":45}},"37":{"start":{"line":247,"column":8},"end":{"line":247,"column":41}},"38":{"start":{"line":249,"column":8},"end":{"line":249,"column":8332}},"39":{"start":{"line":259,"column":8},"end":{"line":259,"column":8664}},"40":{"start":{"line":270,"column":8},"end":{"line":270,"column":24}},"41":{"start":{"line":286,"column":8},"end":{"line":286,"column":9266}},"42":{"start":{"line":289,"column":8},"end":{"line":289,"column":76}},"43":{"start":{"line":290,"column":8},"end":{"line":290,"column":56}},"44":{"start":{"line":291,"column":8},"end":{"line":291,"column":9521}},"45":{"start":{"line":292,"column":12},"end":{"line":292,"column":9586}},"46":{"start":{"line":293,"column":16},"end":{"line":293,"column":59}},"47":{"start":{"line":295,"column":16},"end":{"line":295,"column":60}},"48":{"start":{"line":300,"column":8},"end":{"line":300,"column":59}},"49":{"start":{"line":310,"column":8},"end":{"line":310,"column":76}},"50":{"start":{"line":312,"column":8},"end":{"line":312,"column":70}},"51":{"start":{"line":313,"column":8},"end":{"line":313,"column":10330}},"52":{"start":{"line":316,"column":8},"end":{"line":316,"column":70}}},"branchMap":{"1":{"line":70,"type":"if","locations":[{"start":{"line":70,"column":32},"end":{"line":70,"column":32}},{"start":{"line":70,"column":32},"end":{"line":70,"column":32}}]},"2":{"line":93,"type":"if","locations":[{"start":{"line":93,"column":8},"end":{"line":93,"column":8}},{"start":{"line":93,"column":8},"end":{"line":93,"column":8}}]},"3":{"line":113,"type":"if","locations":[{"start":{"line":113,"column":15},"end":{"line":113,"column":15}},{"start":{"line":113,"column":15},"end":{"line":113,"column":15}}]},"4":{"line":130,"type":"if","locations":[{"start":{"line":130,"column":8},"end":{"line":130,"column":8}},{"start":{"line":130,"column":8},"end":{"line":130,"column":8}}]},"5":{"line":135,"type":"if","locations":[{"start":{"line":135,"column":8},"end":{"line":135,"column":8}},{"start":{"line":135,"column":8},"end":{"line":135,"column":8}}]},"6":{"line":140,"type":"if","locations":[{"start":{"line":140,"column":15},"end":{"line":140,"column":15}},{"start":{"line":140,"column":15},"end":{"line":140,"column":15}}]},"7":{"line":160,"type":"if","locations":[{"start":{"line":160,"column":8},"end":{"line":160,"column":8}},{"start":{"line":160,"column":8},"end":{"line":160,"column":8}}]},"8":{"line":185,"type":"if","locations":[{"start":{"line":185,"column":8},"end":{"line":185,"column":8}},{"start":{"line":185,"column":8},"end":{"line":185,"column":8}}]},"9":{"line":187,"type":"if","locations":[{"start":{"line":187,"column":12},"end":{"line":187,"column":12}},{"start":{"line":187,"column":12},"end":{"line":187,"column":12}}]},"10":{"line":194,"type":"if","locations":[{"start":{"line":194,"column":12},"end":{"line":194,"column":12}},{"start":{"line":194,"column":12},"end":{"line":194,"column":12}}]},"11":{"line":209,"type":"if","locations":[{"start":{"line":209,"column":8},"end":{"line":209,"column":8}},{"start":{"line":209,"column":8},"end":{"line":209,"column":8}}]},"12":{"line":224,"type":"if","locations":[{"start":{"line":224,"column":8},"end":{"line":224,"column":8}},{"start":{"line":224,"column":8},"end":{"line":224,"column":8}}]},"13":{"line":227,"type":"if","locations":[{"start":{"line":227,"column":8},"end":{"line":227,"column":8}},{"start":{"line":227,"column":8},"end":{"line":227,"column":8}}]},"14":{"line":237,"type":"if","locations":[{"start":{"line":237,"column":8},"end":{"line":237,"column":8}},{"start":{"line":237,"column":8},"end":{"line":237,"column":8}}]},"15":{"line":238,"type":"if","locations":[{"start":{"line":238,"column":8},"end":{"line":238,"column":8}},{"start":{"line":238,"column":8},"end":{"line":238,"column":8}}]},"16":{"line":242,"type":"if","locations":[{"start":{"line":242,"column":8},"end":{"line":242,"column":8}},{"start":{"line":242,"column":8},"end":{"line":242,"column":8}}]},"17":{"line":282,"type":"if","locations":[{"start":{"line":282,"column":8},"end":{"line":282,"column":8}},{"start":{"line":282,"column":8},"end":{"line":282,"column":8}}]},"18":{"line":283,"type":"if","locations":[{"start":{"line":283,"column":8},"end":{"line":283,"column":8}},{"start":{"line":283,"column":8},"end":{"line":283,"column":8}}]},"19":{"line":284,"type":"if","locations":[{"start":{"line":284,"column":8},"end":{"line":284,"column":8}},{"start":{"line":284,"column":8},"end":{"line":284,"column":8}}]},"20":{"line":286,"type":"if","locations":[{"start":{"line":286,"column":8},"end":{"line":286,"column":8}},{"start":{"line":286,"column":8},"end":{"line":286,"column":8}}]},"21":{"line":292,"type":"if","locations":[{"start":{"line":292,"column":12},"end":{"line":292,"column":12}},{"start":{"line":292,"column":12},"end":{"line":292,"column":12}}]},"22":{"line":309,"type":"if","locations":[{"start":{"line":309,"column":24},"end":{"line":309,"column":24}},{"start":{"line":309,"column":24},"end":{"line":309,"column":24}}]},"23":{"line":309,"type":"if","locations":[{"start":{"line":309,"column":45},"end":{"line":309,"column":45}},{"start":{"line":309,"column":45},"end":{"line":309,"column":45}}]},"24":{"line":313,"type":"if","locations":[{"start":{"line":313,"column":8},"end":{"line":313,"column":8}},{"start":{"line":313,"column":8},"end":{"line":313,"column":8}}]}}}}