{
"contracts\\Lottery.sol":{"l":{"84":0,"85":0,"91":0,"92":0,"99":0,"100":0,"102":0,"103":0,"104":0,"106":0,"108":0,"110":0,"111":0,"126":0,"127":0,"128":0,"129":0,"131":0,"133":0,"136":0,"138":0,"142":0,"150":0,"157":0,"159":0,"160":0,"165":0,"166":0,"170":0,"171":0,"178":0,"179":0,"181":0,"183":0,"184":0,"186":0,"190":0,"192":0,"193":0,"194":0,"195":0,"196":0,"198":0,"203":0,"208":0,"209":0,"211":0,"214":0,"216":0,"217":0,"219":0,"221":0,"226":0,"239":0,"240":0,"247":0,"248":0,"250":0,"252":0,"254":0,"256":0,"257":0,"261":0,"263":0,"269":0,"270":0,"271":0,"272":0,"273":0,"275":0,"276":0,"277":0,"278":0,"280":0,"281":0,"283":0,"284":0,"285":0,"286":0,"290":0,"297":0,"298":0,"300":0,"301":0,"302":0,"305":0,"306":0,"307":0,"312":0,"318":0,"320":0,"329":0,"333":0,"334":0,"335":0,"339":0,"340":0,"341":0,"342":0,"347":0,"351":0,"360":0,"361":0,"362":0,"363":0,"365":0,"371":0,"372":0,"373":0,"377":0,"378":0,"379":0,"380":0,"382":0,"386":0,"387":0,"391":0,"392":0,"393":0,"394":0,"395":0,"396":0,"400":0,"401":0,"402":0,"403":0,"404":0,"405":0,"409":0,"410":0,"411":0,"412":0,"413":0,"414":0,"418":0,"422":0},"path":"D:\\practice\\solidity\\Lottery\\contract\\contracts\\Lottery.sol","s":{"1":0,"2":0,"3":0,"4":0,"5":0,"6":0,"7":0,"8":0,"9":0,"10":0,"11":0,"12":0,"13":0,"14":0,"15":0,"16":0,"17":0,"18":0,"19":0,"20":0,"21":0,"22":0,"23":0,"24":0,"25":0,"26":0,"27":0,"28":0,"29":0,"30":0,"31":0,"32":0,"33":0,"34":0,"35":0,"36":0,"37":0,"38":0,"39":0,"40":0,"41":0,"42":0,"43":0,"44":0,"45":0,"46":0,"47":0,"48":0,"49":0,"50":0,"51":0,"52":0,"53":0,"54":0,"55":0,"56":0,"57":0,"58":0,"59":0,"60":0,"61":0,"62":0,"63":0,"64":0,"65":0,"66":0,"67":0,"68":0,"69":0,"70":0,"71":0,"72":0,"73":0,"74":0,"75":0,"76":0,"77":0,"78":0,"79":0,"80":0,"81":0,"82":0,"83":0,"84":0,"85":0,"86":0,"87":0,"88":0,"89":0,"90":0,"91":0,"92":0,"93":0,"94":0,"95":0,"96":0,"97":0,"98":0,"99":0},"b":{"1":[0,0],"2":[0,0],"3":[0,0],"4":[0,0],"5":[0,0],"6":[0,0],"7":[0,0],"8":[0,0],"9":[0,0],"10":[0,0],"11":[0,0],"12":[0,0],"13":[0,0],"14":[0,0],"15":[0,0],"16":[0,0],"17":[0,0],"18":[0,0],"19":[0,0],"20":[0,0],"21":[0,0],"22":[0,0],"23":[0,0],"24":[0,0],"25":[0,0],"26":[0,0],"27":[0,0],"28":[0,0],"29":[0,0],"30":[0,0],"31":[0,0],"32":[0,0],"33":[0,0],"34":[0,0],"35":[0,0],"36":[0,0],"37":[0,0],"38":[0,0]},"f":{"1":0,"2":0,"3":0,"4":0,"5":0,"6":0,"7":0,"8":0,"9":0,"10":0,"11":0,"12":0,"13":0,"14":0,"15":0,"16":0,"17":0,"18":0,"19":0,"20":0,"21":0,"22":0,"23":0,"24":0},"fnMap":{"1":{"name":"_onlyOwner","line":83,"loc":{"start":{"line":83,"column":4},"end":{"line":86,"column":4}}},"2":{"name":"constructor","line":90,"loc":{"start":{"line":88,"column":4},"end":{"line":93,"column":4}}},"3":{"name":"buyTickets","line":96,"loc":{"start":{"line":96,"column":4},"end":{"line":139,"column":4}}},"4":{"name":"buyTicket","line":141,"loc":{"start":{"line":141,"column":4},"end":{"line":143,"column":4}}},"5":{"name":"buyBatchTickets","line":145,"loc":{"start":{"line":145,"column":4},"end":{"line":151,"column":4}}},"6":{"name":"submitCombination","line":153,"loc":{"start":{"line":153,"column":4},"end":{"line":187,"column":4}}},"7":{"name":"claimReward","line":189,"loc":{"start":{"line":189,"column":4},"end":{"line":222,"column":4}}},"8":{"name":"_requestRandomNumber","line":225,"loc":{"start":{"line":225,"column":4},"end":{"line":241,"column":4}}},"9":{"name":"fulfillRandomWords","line":243,"loc":{"start":{"line":243,"column":4},"end":{"line":264,"column":4}}},"10":{"name":"_generateWinningCombination","line":266,"loc":{"start":{"line":266,"column":4},"end":{"line":291,"column":4}}},"11":{"name":"_checkWinningCombination","line":293,"loc":{"start":{"line":293,"column":4},"end":{"line":313,"column":4}}},"12":{"name":"_calculateReward","line":315,"loc":{"start":{"line":315,"column":4},"end":{"line":330,"column":4}}},"13":{"name":"_sendReward","line":332,"loc":{"start":{"line":332,"column":4},"end":{"line":336,"column":4}}},"14":{"name":"distribute","line":338,"loc":{"start":{"line":338,"column":4},"end":{"line":343,"column":4}}},"15":{"name":"getContractOwner","line":346,"loc":{"start":{"line":346,"column":4},"end":{"line":348,"column":4}}},"16":{"name":"getJackpot","line":350,"loc":{"start":{"line":350,"column":4},"end":{"line":352,"column":4}}},"17":{"name":"getAllTickets","line":357,"loc":{"start":{"line":354,"column":4},"end":{"line":366,"column":4}}},"18":{"name":"getTicketById","line":368,"loc":{"start":{"line":368,"column":4},"end":{"line":374,"column":4}}},"19":{"name":"getPlayerTickets","line":376,"loc":{"start":{"line":376,"column":4},"end":{"line":383,"column":4}}},"20":{"name":"fundJackpot","line":385,"loc":{"start":{"line":385,"column":4},"end":{"line":388,"column":4}}},"21":{"name":"withdrawOwnerBalance","line":390,"loc":{"start":{"line":390,"column":4},"end":{"line":397,"column":4}}},"22":{"name":"withdrawOperationsBalance","line":399,"loc":{"start":{"line":399,"column":4},"end":{"line":406,"column":4}}},"23":{"name":"withdrawJackpot","line":408,"loc":{"start":{"line":408,"column":4},"end":{"line":415,"column":4}}},"24":{"name":null,"line":421,"loc":{"start":{"line":421,"column":4},"end":{"line":423,"column":4}}}},"statementMap":{"1":{"start":{"line":84,"column":8},"end":{"line":84,"column":61}},"2":{"start":{"line":99,"column":8},"end":{"line":99,"column":61}},"3":{"start":{"line":100,"column":8},"end":{"line":100,"column":57}},"4":{"start":{"line":102,"column":8},"end":{"line":102,"column":56}},"5":{"start":{"line":103,"column":8},"end":{"line":103,"column":3313}},"6":{"start":{"line":106,"column":8},"end":{"line":106,"column":74}},"7":{"start":{"line":108,"column":8},"end":{"line":108,"column":70}},"8":{"start":{"line":110,"column":8},"end":{"line":110,"column":3558}},"9":{"start":{"line":111,"column":12},"end":{"line":111,"column":3613}},"10":{"start":{"line":127,"column":12},"end":{"line":127,"column":57}},"11":{"start":{"line":128,"column":12},"end":{"line":128,"column":42}},"12":{"start":{"line":131,"column":12},"end":{"line":131,"column":58}},"13":{"start":{"line":136,"column":8},"end":{"line":136,"column":28}},"14":{"start":{"line":138,"column":8},"end":{"line":138,"column":25}},"15":{"start":{"line":142,"column":8},"end":{"line":142,"column":28}},"16":{"start":{"line":150,"column":8},"end":{"line":150,"column":29}},"17":{"start":{"line":157,"column":8},"end":{"line":157,"column":64}},"18":{"start":{"line":159,"column":8},"end":{"line":159,"column":75}},"19":{"start":{"line":160,"column":8},"end":{"line":160,"column":5131}},"20":{"start":{"line":165,"column":8},"end":{"line":165,"column":5253}},"21":{"start":{"line":166,"column":12},"end":{"line":166,"column":5327}},"22":{"start":{"line":170,"column":12},"end":{"line":170,"column":5485}},"23":{"start":{"line":171,"column":16},"end":{"line":171,"column":5567}},"24":{"start":{"line":181,"column":8},"end":{"line":181,"column":70}},"25":{"start":{"line":183,"column":8},"end":{"line":183,"column":74}},"26":{"start":{"line":186,"column":8},"end":{"line":186,"column":37}},"27":{"start":{"line":190,"column":8},"end":{"line":190,"column":56}},"28":{"start":{"line":192,"column":8},"end":{"line":192,"column":73}},"29":{"start":{"line":193,"column":8},"end":{"line":193,"column":67}},"30":{"start":{"line":194,"column":8},"end":{"line":194,"column":78}},"31":{"start":{"line":195,"column":8},"end":{"line":195,"column":75}},"32":{"start":{"line":196,"column":8},"end":{"line":196,"column":65}},"33":{"start":{"line":198,"column":8},"end":{"line":198,"column":6638}},"34":{"start":{"line":203,"column":8},"end":{"line":203,"column":6788}},"35":{"start":{"line":208,"column":8},"end":{"line":208,"column":70}},"36":{"start":{"line":209,"column":8},"end":{"line":209,"column":60}},"37":{"start":{"line":211,"column":8},"end":{"line":211,"column":7062}},"38":{"start":{"line":219,"column":8},"end":{"line":219,"column":40}},"39":{"start":{"line":221,"column":8},"end":{"line":221,"column":58}},"40":{"start":{"line":226,"column":8},"end":{"line":226,"column":7528}},"41":{"start":{"line":240,"column":8},"end":{"line":240,"column":24}},"42":{"start":{"line":247,"column":8},"end":{"line":247,"column":57}},"43":{"start":{"line":248,"column":8},"end":{"line":248,"column":56}},"44":{"start":{"line":250,"column":8},"end":{"line":250,"column":72}},"45":{"start":{"line":252,"column":8},"end":{"line":252,"column":43}},"46":{"start":{"line":263,"column":8},"end":{"line":263,"column":44}},"47":{"start":{"line":269,"column":8},"end":{"line":269,"column":29}},"48":{"start":{"line":270,"column":8},"end":{"line":270,"column":37}},"49":{"start":{"line":271,"column":8},"end":{"line":271,"column":25}},"50":{"start":{"line":272,"column":8},"end":{"line":272,"column":63}},"51":{"start":{"line":273,"column":8},"end":{"line":273,"column":29}},"52":{"start":{"line":275,"column":8},"end":{"line":275,"column":9262}},"53":{"start":{"line":276,"column":12},"end":{"line":276,"column":9299}},"54":{"start":{"line":280,"column":12},"end":{"line":280,"column":63}},"55":{"start":{"line":283,"column":12},"end":{"line":283,"column":9562}},"56":{"start":{"line":290,"column":8},"end":{"line":290,"column":26}},"57":{"start":{"line":297,"column":8},"end":{"line":297,"column":25}},"58":{"start":{"line":298,"column":8},"end":{"line":298,"column":30}},"59":{"start":{"line":300,"column":8},"end":{"line":300,"column":9999}},"60":{"start":{"line":301,"column":12},"end":{"line":301,"column":10071}},"61":{"start":{"line":302,"column":16},"end":{"line":302,"column":10148}},"62":{"start":{"line":312,"column":8},"end":{"line":312,"column":22}},"63":{"start":{"line":318,"column":8},"end":{"line":318,"column":72}},"64":{"start":{"line":320,"column":8},"end":{"line":320,"column":10624}},"65":{"start":{"line":329,"column":8},"end":{"line":329,"column":39}},"66":{"start":{"line":333,"column":8},"end":{"line":333,"column":47}},"67":{"start":{"line":334,"column":8},"end":{"line":334,"column":69}},"68":{"start":{"line":335,"column":8},"end":{"line":335,"column":49}},"69":{"start":{"line":342,"column":8},"end":{"line":342,"column":43}},"70":{"start":{"line":347,"column":8},"end":{"line":347,"column":28}},"71":{"start":{"line":351,"column":8},"end":{"line":351,"column":22}},"72":{"start":{"line":360,"column":8},"end":{"line":360,"column":41}},"73":{"start":{"line":361,"column":8},"end":{"line":361,"column":64}},"74":{"start":{"line":362,"column":8},"end":{"line":362,"column":11829}},"75":{"start":{"line":365,"column":8},"end":{"line":365,"column":21}},"76":{"start":{"line":371,"column":8},"end":{"line":371,"column":55}},"77":{"start":{"line":372,"column":8},"end":{"line":372,"column":74}},"78":{"start":{"line":373,"column":8},"end":{"line":373,"column":21}},"79":{"start":{"line":377,"column":8},"end":{"line":377,"column":58}},"80":{"start":{"line":378,"column":8},"end":{"line":378,"column":71}},"81":{"start":{"line":379,"column":8},"end":{"line":379,"column":12464}},"82":{"start":{"line":382,"column":8},"end":{"line":382,"column":21}},"83":{"start":{"line":387,"column":8},"end":{"line":387,"column":44}},"84":{"start":{"line":391,"column":8},"end":{"line":391,"column":55}},"85":{"start":{"line":392,"column":8},"end":{"line":392,"column":37}},"86":{"start":{"line":394,"column":8},"end":{"line":394,"column":73}},"87":{"start":{"line":395,"column":8},"end":{"line":395,"column":57}},"88":{"start":{"line":396,"column":8},"end":{"line":396,"column":56}},"89":{"start":{"line":400,"column":8},"end":{"line":400,"column":60}},"90":{"start":{"line":401,"column":8},"end":{"line":401,"column":42}},"91":{"start":{"line":403,"column":8},"end":{"line":403,"column":73}},"92":{"start":{"line":404,"column":8},"end":{"line":404,"column":62}},"93":{"start":{"line":405,"column":8},"end":{"line":405,"column":61}},"94":{"start":{"line":409,"column":8},"end":{"line":409,"column":50}},"95":{"start":{"line":410,"column":8},"end":{"line":410,"column":32}},"96":{"start":{"line":412,"column":8},"end":{"line":412,"column":73}},"97":{"start":{"line":413,"column":8},"end":{"line":413,"column":52}},"98":{"start":{"line":414,"column":8},"end":{"line":414,"column":51}},"99":{"start":{"line":422,"column":8},"end":{"line":422,"column":29}}},"branchMap":{"1":{"line":84,"type":"if","locations":[{"start":{"line":84,"column":8},"end":{"line":84,"column":8}},{"start":{"line":84,"column":8},"end":{"line":84,"column":8}}]},"2":{"line":99,"type":"if","locations":[{"start":{"line":99,"column":8},"end":{"line":99,"column":8}},{"start":{"line":99,"column":8},"end":{"line":99,"column":8}}]},"3":{"line":100,"type":"if","locations":[{"start":{"line":100,"column":8},"end":{"line":100,"column":8}},{"start":{"line":100,"column":8},"end":{"line":100,"column":8}}]},"4":{"line":103,"type":"if","locations":[{"start":{"line":103,"column":8},"end":{"line":103,"column":8}},{"start":{"line":103,"column":8},"end":{"line":103,"column":8}}]},"5":{"line":106,"type":"if","locations":[{"start":{"line":106,"column":8},"end":{"line":106,"column":8}},{"start":{"line":106,"column":8},"end":{"line":106,"column":8}}]},"6":{"line":159,"type":"if","locations":[{"start":{"line":159,"column":8},"end":{"line":159,"column":8}},{"start":{"line":159,"column":8},"end":{"line":159,"column":8}}]},"7":{"line":160,"type":"if","locations":[{"start":{"line":160,"column":8},"end":{"line":160,"column":8}},{"start":{"line":160,"column":8},"end":{"line":160,"column":8}}]},"8":{"line":166,"type":"if","locations":[{"start":{"line":166,"column":12},"end":{"line":166,"column":12}},{"start":{"line":166,"column":12},"end":{"line":166,"column":12}}]},"9":{"line":171,"type":"if","locations":[{"start":{"line":171,"column":16},"end":{"line":171,"column":16}},{"start":{"line":171,"column":16},"end":{"line":171,"column":16}}]},"10":{"line":183,"type":"if","locations":[{"start":{"line":183,"column":8},"end":{"line":183,"column":8}},{"start":{"line":183,"column":8},"end":{"line":183,"column":8}}]},"11":{"line":189,"type":"if","locations":[{"start":{"line":189,"column":52},"end":{"line":189,"column":52}},{"start":{"line":189,"column":52},"end":{"line":189,"column":52}}]},"12":{"line":192,"type":"if","locations":[{"start":{"line":192,"column":8},"end":{"line":192,"column":8}},{"start":{"line":192,"column":8},"end":{"line":192,"column":8}}]},"13":{"line":193,"type":"if","locations":[{"start":{"line":193,"column":8},"end":{"line":193,"column":8}},{"start":{"line":193,"column":8},"end":{"line":193,"column":8}}]},"14":{"line":194,"type":"if","locations":[{"start":{"line":194,"column":8},"end":{"line":194,"column":8}},{"start":{"line":194,"column":8},"end":{"line":194,"column":8}}]},"15":{"line":195,"type":"if","locations":[{"start":{"line":195,"column":8},"end":{"line":195,"column":8}},{"start":{"line":195,"column":8},"end":{"line":195,"column":8}}]},"16":{"line":196,"type":"if","locations":[{"start":{"line":196,"column":8},"end":{"line":196,"column":8}},{"start":{"line":196,"column":8},"end":{"line":196,"column":8}}]},"17":{"line":203,"type":"if","locations":[{"start":{"line":203,"column":8},"end":{"line":203,"column":8}},{"start":{"line":203,"column":8},"end":{"line":203,"column":8}}]},"18":{"line":209,"type":"if","locations":[{"start":{"line":209,"column":8},"end":{"line":209,"column":8}},{"start":{"line":209,"column":8},"end":{"line":209,"column":8}}]},"19":{"line":212,"type":"if","locations":[{"start":{"line":212,"column":14},"end":{"line":212,"column":31}},{"start":{"line":213,"column":14},"end":{"line":213,"column":20}}]},"20":{"line":214,"type":"if","locations":[{"start":{"line":214,"column":38},"end":{"line":214,"column":53}},{"start":{"line":214,"column":57},"end":{"line":214,"column":57}}]},"21":{"line":250,"type":"if","locations":[{"start":{"line":250,"column":8},"end":{"line":250,"column":8}},{"start":{"line":250,"column":8},"end":{"line":250,"column":8}}]},"22":{"line":276,"type":"if","locations":[{"start":{"line":276,"column":12},"end":{"line":276,"column":12}},{"start":{"line":276,"column":12},"end":{"line":276,"column":12}}]},"23":{"line":283,"type":"if","locations":[{"start":{"line":283,"column":12},"end":{"line":283,"column":12}},{"start":{"line":283,"column":12},"end":{"line":283,"column":12}}]},"24":{"line":302,"type":"if","locations":[{"start":{"line":302,"column":16},"end":{"line":302,"column":16}},{"start":{"line":302,"column":16},"end":{"line":302,"column":16}}]},"25":{"line":318,"type":"if","locations":[{"start":{"line":318,"column":8},"end":{"line":318,"column":8}},{"start":{"line":318,"column":8},"end":{"line":318,"column":8}}]},"26":{"line":333,"type":"if","locations":[{"start":{"line":333,"column":8},"end":{"line":333,"column":8}},{"start":{"line":333,"column":8},"end":{"line":333,"column":8}}]},"27":{"line":335,"type":"if","locations":[{"start":{"line":335,"column":8},"end":{"line":335,"column":8}},{"start":{"line":335,"column":8},"end":{"line":335,"column":8}}]},"28":{"line":357,"type":"if","locations":[{"start":{"line":357,"column":8},"end":{"line":357,"column":8}},{"start":{"line":357,"column":8},"end":{"line":357,"column":8}}]},"29":{"line":372,"type":"if","locations":[{"start":{"line":372,"column":8},"end":{"line":372,"column":8}},{"start":{"line":372,"column":8},"end":{"line":372,"column":8}}]},"30":{"line":390,"type":"if","locations":[{"start":{"line":390,"column":43},"end":{"line":390,"column":43}},{"start":{"line":390,"column":43},"end":{"line":390,"column":43}}]},"31":{"line":391,"type":"if","locations":[{"start":{"line":391,"column":8},"end":{"line":391,"column":8}},{"start":{"line":391,"column":8},"end":{"line":391,"column":8}}]},"32":{"line":395,"type":"if","locations":[{"start":{"line":395,"column":8},"end":{"line":395,"column":8}},{"start":{"line":395,"column":8},"end":{"line":395,"column":8}}]},"33":{"line":399,"type":"if","locations":[{"start":{"line":399,"column":48},"end":{"line":399,"column":48}},{"start":{"line":399,"column":48},"end":{"line":399,"column":48}}]},"34":{"line":400,"type":"if","locations":[{"start":{"line":400,"column":8},"end":{"line":400,"column":8}},{"start":{"line":400,"column":8},"end":{"line":400,"column":8}}]},"35":{"line":404,"type":"if","locations":[{"start":{"line":404,"column":8},"end":{"line":404,"column":8}},{"start":{"line":404,"column":8},"end":{"line":404,"column":8}}]},"36":{"line":408,"type":"if","locations":[{"start":{"line":408,"column":40},"end":{"line":408,"column":40}},{"start":{"line":408,"column":40},"end":{"line":408,"column":40}}]},"37":{"line":409,"type":"if","locations":[{"start":{"line":409,"column":8},"end":{"line":409,"column":8}},{"start":{"line":409,"column":8},"end":{"line":409,"column":8}}]},"38":{"line":413,"type":"if","locations":[{"start":{"line":413,"column":8},"end":{"line":413,"column":8}},{"start":{"line":413,"column":8},"end":{"line":413,"column":8}}]}}},
"contracts\\LotteryTest.sol":{"l":{"85":12,"86":8,"93":59,"94":59,"95":59,"99":1,"103":12,"107":4,"111":4,"115":0,"119":14,"120":14,"121":14,"122":14,"124":14,"128":6,"129":6,"131":6,"146":6,"147":6,"148":6,"154":14,"155":14,"157":14,"158":14,"159":2,"161":14,"163":12,"165":12,"166":21,"181":21,"182":21,"183":21,"184":21,"186":21,"188":21,"191":12,"193":12,"197":12,"205":2,"212":13,"214":13,"215":12,"220":10,"221":46,"225":45,"226":94,"233":8,"234":8,"236":8,"238":8,"239":8,"241":8,"245":7,"247":7,"248":6,"249":6,"250":5,"251":5,"253":4,"263":4,"264":4,"266":3,"269":3,"271":3,"272":3,"274":3,"276":3,"282":2,"286":10,"299":10,"300":10,"301":10,"308":1,"315":5,"316":5,"323":1,"324":1,"326":1,"328":1,"330":1,"332":1,"333":1,"337":1,"339":1,"343":0,"349":1,"355":2,"356":2,"357":2,"358":2,"359":2,"361":2,"362":12,"363":0,"364":0,"366":12,"367":12,"369":12,"370":10,"371":10,"372":10,"376":2,"383":16,"390":21,"391":21,"393":21,"394":105,"395":411,"398":49,"399":49,"400":49,"405":21,"411":7,"417":12,"419":11,"428":11,"432":2,"436":5,"437":4,"438":4,"447":2,"448":2,"449":2,"450":1,"452":2,"458":9,"459":9,"460":8,"464":1,"465":1,"469":0,"473":31,"474":31,"475":31,"476":31,"480":2,"481":1,"482":1,"483":1,"484":1,"485":1,"489":2,"490":1,"491":1,"492":1,"493":1,"494":1,"498":2,"499":1,"500":1,"501":1,"502":1,"503":1,"507":19,"511":1},"path":"D:\\practice\\solidity\\Lottery\\contract\\contracts\\LotteryTest.sol","s":{"1":12,"2":1,"3":12,"4":4,"5":4,"6":0,"7":14,"8":14,"9":14,"10":14,"11":6,"12":6,"13":6,"14":6,"15":14,"16":14,"17":14,"18":14,"19":14,"20":12,"21":12,"22":21,"23":21,"24":21,"25":21,"26":12,"27":12,"28":12,"29":2,"30":13,"31":13,"32":12,"33":10,"34":46,"35":45,"36":94,"37":8,"38":8,"39":8,"40":7,"41":7,"42":6,"43":6,"44":5,"45":5,"46":4,"47":4,"48":4,"49":3,"50":3,"51":3,"52":2,"53":10,"54":10,"55":10,"56":1,"57":1,"58":1,"59":1,"60":1,"61":1,"62":0,"63":1,"64":2,"65":2,"66":2,"67":2,"68":2,"69":2,"70":12,"71":12,"72":12,"73":2,"74":16,"75":21,"76":21,"77":21,"78":105,"79":411,"80":21,"81":7,"82":12,"83":11,"84":11,"85":2,"86":5,"87":4,"88":4,"89":2,"90":2,"91":2,"92":2,"93":9,"94":9,"95":8,"96":1,"97":0,"98":31,"99":2,"100":1,"101":1,"102":1,"103":1,"104":2,"105":1,"106":1,"107":1,"108":1,"109":2,"110":1,"111":1,"112":1,"113":1,"114":1},"b":{"1":[8,4],"2":[14,0],"3":[14,0],"4":[2,12],"5":[12,2],"6":[12,1],"7":[10,2],"8":[45,1],"9":[93,1],"10":[8,0],"11":[7,0],"12":[6,1],"13":[6,0],"14":[5,1],"15":[5,0],"16":[4,1],"17":[3,1],"18":[1,2],"19":[3,0],"20":[1,0],"21":[0,12],"22":[10,2],"23":[49,362],"24":[11,1],"25":[4,1],"26":[4,0],"27":[2,1],"28":[8,1],"29":[2,1],"30":[1,1],"31":[1,0],"32":[2,1],"33":[1,1],"34":[1,0],"35":[2,1],"36":[1,1],"37":[1,0]},"f":{"1":12,"2":59,"3":1,"4":12,"5":4,"6":4,"7":0,"8":14,"9":6,"10":14,"11":12,"12":2,"13":13,"14":7,"15":2,"16":10,"17":1,"18":5,"19":1,"20":0,"21":1,"22":2,"23":16,"24":21,"25":7,"26":12,"27":2,"28":5,"29":2,"30":9,"31":1,"32":0,"33":31,"34":2,"35":2,"36":2,"37":1},"fnMap":{"1":{"name":"_onlyOwner","line":84,"loc":{"start":{"line":84,"column":4},"end":{"line":87,"column":4}}},"2":{"name":"constructor","line":92,"loc":{"start":{"line":89,"column":4},"end":{"line":96,"column":4}}},"3":{"name":"getContractOwner","line":98,"loc":{"start":{"line":98,"column":4},"end":{"line":100,"column":4}}},"4":{"name":"getJackpot","line":102,"loc":{"start":{"line":102,"column":4},"end":{"line":104,"column":4}}},"5":{"name":"getOperationsBalance","line":106,"loc":{"start":{"line":106,"column":4},"end":{"line":108,"column":4}}},"6":{"name":"getOwnerBalance","line":110,"loc":{"start":{"line":110,"column":4},"end":{"line":112,"column":4}}},"7":{"name":"getTestTicket","line":114,"loc":{"start":{"line":114,"column":4},"end":{"line":116,"column":4}}},"8":{"name":"getPlayerTickets","line":118,"loc":{"start":{"line":118,"column":4},"end":{"line":125,"column":4}}},"9":{"name":"assignTestTicket","line":127,"loc":{"start":{"line":127,"column":4},"end":{"line":149,"column":4}}},"10":{"name":"buyTickets","line":151,"loc":{"start":{"line":151,"column":4},"end":{"line":194,"column":4}}},"11":{"name":"buyTicket","line":196,"loc":{"start":{"line":196,"column":4},"end":{"line":198,"column":4}}},"12":{"name":"buyBatchTickets","line":200,"loc":{"start":{"line":200,"column":4},"end":{"line":206,"column":4}}},"13":{"name":"submitCombination","line":208,"loc":{"start":{"line":208,"column":4},"end":{"line":242,"column":4}}},"14":{"name":"claimReward","line":244,"loc":{"start":{"line":244,"column":4},"end":{"line":277,"column":4}}},"15":{"name":"test_requestRandomNumber","line":279,"loc":{"start":{"line":279,"column":4},"end":{"line":283,"column":4}}},"16":{"name":"_requestRandomNumber","line":285,"loc":{"start":{"line":285,"column":4},"end":{"line":302,"column":4}}},"17":{"name":"test_fulfillRandomWords","line":304,"loc":{"start":{"line":304,"column":4},"end":{"line":309,"column":4}}},"18":{"name":"test_setWinningCombination","line":311,"loc":{"start":{"line":311,"column":4},"end":{"line":317,"column":4}}},"19":{"name":"fulfillRandomWords","line":319,"loc":{"start":{"line":319,"column":4},"end":{"line":340,"column":4}}},"20":{"name":"getWinningCombination","line":342,"loc":{"start":{"line":342,"column":4},"end":{"line":344,"column":4}}},"21":{"name":"test_generateWinningCombination","line":346,"loc":{"start":{"line":346,"column":4},"end":{"line":350,"column":4}}},"22":{"name":"_generateWinningCombination","line":352,"loc":{"start":{"line":352,"column":4},"end":{"line":377,"column":4}}},"23":{"name":"test_checkWinningCombination","line":379,"loc":{"start":{"line":379,"column":4},"end":{"line":384,"column":4}}},"24":{"name":"_checkWinningCombination","line":386,"loc":{"start":{"line":386,"column":4},"end":{"line":406,"column":4}}},"25":{"name":"test_calculateReward","line":408,"loc":{"start":{"line":408,"column":4},"end":{"line":412,"column":4}}},"26":{"name":"_calculateReward","line":414,"loc":{"start":{"line":414,"column":4},"end":{"line":429,"column":4}}},"27":{"name":"test_sendReward","line":431,"loc":{"start":{"line":431,"column":4},"end":{"line":433,"column":4}}},"28":{"name":"_sendReward","line":435,"loc":{"start":{"line":435,"column":4},"end":{"line":439,"column":4}}},"29":{"name":"getAllTickets","line":444,"loc":{"start":{"line":441,"column":4},"end":{"line":453,"column":4}}},"30":{"name":"getTicketById","line":455,"loc":{"start":{"line":455,"column":4},"end":{"line":461,"column":4}}},"31":{"name":"fundJackpot","line":463,"loc":{"start":{"line":463,"column":4},"end":{"line":466,"column":4}}},"32":{"name":"testDistribute","line":468,"loc":{"start":{"line":468,"column":4},"end":{"line":470,"column":4}}},"33":{"name":"distribute","line":472,"loc":{"start":{"line":472,"column":4},"end":{"line":477,"column":4}}},"34":{"name":"withdrawOwnerBalance","line":479,"loc":{"start":{"line":479,"column":4},"end":{"line":486,"column":4}}},"35":{"name":"withdrawOperationsBalance","line":488,"loc":{"start":{"line":488,"column":4},"end":{"line":495,"column":4}}},"36":{"name":"withdrawJackpot","line":497,"loc":{"start":{"line":497,"column":4},"end":{"line":504,"column":4}}},"37":{"name":null,"line":510,"loc":{"start":{"line":510,"column":4},"end":{"line":512,"column":4}}}},"statementMap":{"1":{"start":{"line":85,"column":8},"end":{"line":85,"column":61}},"2":{"start":{"line":99,"column":8},"end":{"line":99,"column":28}},"3":{"start":{"line":103,"column":8},"end":{"line":103,"column":22}},"4":{"start":{"line":107,"column":8},"end":{"line":107,"column":32}},"5":{"start":{"line":111,"column":8},"end":{"line":111,"column":27}},"6":{"start":{"line":115,"column":8},"end":{"line":115,"column":25}},"7":{"start":{"line":119,"column":8},"end":{"line":119,"column":58}},"8":{"start":{"line":120,"column":8},"end":{"line":120,"column":71}},"9":{"start":{"line":121,"column":8},"end":{"line":121,"column":4036}},"10":{"start":{"line":124,"column":8},"end":{"line":124,"column":21}},"11":{"start":{"line":129,"column":8},"end":{"line":129,"column":41}},"12":{"start":{"line":131,"column":8},"end":{"line":131,"column":4301}},"13":{"start":{"line":147,"column":8},"end":{"line":147,"column":49}},"14":{"start":{"line":148,"column":8},"end":{"line":148,"column":34}},"15":{"start":{"line":154,"column":8},"end":{"line":154,"column":61}},"16":{"start":{"line":155,"column":8},"end":{"line":155,"column":57}},"17":{"start":{"line":157,"column":8},"end":{"line":157,"column":56}},"18":{"start":{"line":158,"column":8},"end":{"line":158,"column":5294}},"19":{"start":{"line":161,"column":8},"end":{"line":161,"column":74}},"20":{"start":{"line":163,"column":8},"end":{"line":163,"column":70}},"21":{"start":{"line":165,"column":8},"end":{"line":165,"column":5539}},"22":{"start":{"line":166,"column":12},"end":{"line":166,"column":5594}},"23":{"start":{"line":182,"column":12},"end":{"line":182,"column":57}},"24":{"start":{"line":183,"column":12},"end":{"line":183,"column":42}},"25":{"start":{"line":186,"column":12},"end":{"line":186,"column":58}},"26":{"start":{"line":191,"column":8},"end":{"line":191,"column":28}},"27":{"start":{"line":193,"column":8},"end":{"line":193,"column":25}},"28":{"start":{"line":197,"column":8},"end":{"line":197,"column":28}},"29":{"start":{"line":205,"column":8},"end":{"line":205,"column":29}},"30":{"start":{"line":212,"column":8},"end":{"line":212,"column":64}},"31":{"start":{"line":214,"column":8},"end":{"line":214,"column":75}},"32":{"start":{"line":215,"column":8},"end":{"line":215,"column":7112}},"33":{"start":{"line":220,"column":8},"end":{"line":220,"column":7234}},"34":{"start":{"line":221,"column":12},"end":{"line":221,"column":7308}},"35":{"start":{"line":225,"column":12},"end":{"line":225,"column":7466}},"36":{"start":{"line":226,"column":16},"end":{"line":226,"column":7548}},"37":{"start":{"line":236,"column":8},"end":{"line":236,"column":70}},"38":{"start":{"line":238,"column":8},"end":{"line":238,"column":74}},"39":{"start":{"line":241,"column":8},"end":{"line":241,"column":37}},"40":{"start":{"line":245,"column":8},"end":{"line":245,"column":56}},"41":{"start":{"line":247,"column":8},"end":{"line":247,"column":73}},"42":{"start":{"line":248,"column":8},"end":{"line":248,"column":67}},"43":{"start":{"line":249,"column":8},"end":{"line":249,"column":78}},"44":{"start":{"line":250,"column":8},"end":{"line":250,"column":75}},"45":{"start":{"line":251,"column":8},"end":{"line":251,"column":65}},"46":{"start":{"line":253,"column":8},"end":{"line":253,"column":8619}},"47":{"start":{"line":263,"column":8},"end":{"line":263,"column":70}},"48":{"start":{"line":264,"column":8},"end":{"line":264,"column":60}},"49":{"start":{"line":266,"column":8},"end":{"line":266,"column":9055}},"50":{"start":{"line":274,"column":8},"end":{"line":274,"column":40}},"51":{"start":{"line":276,"column":8},"end":{"line":276,"column":58}},"52":{"start":{"line":282,"column":8},"end":{"line":282,"column":45}},"53":{"start":{"line":286,"column":8},"end":{"line":286,"column":9657}},"54":{"start":{"line":300,"column":8},"end":{"line":300,"column":54}},"55":{"start":{"line":301,"column":8},"end":{"line":301,"column":24}},"56":{"start":{"line":308,"column":8},"end":{"line":308,"column":49}},"57":{"start":{"line":323,"column":8},"end":{"line":323,"column":57}},"58":{"start":{"line":324,"column":8},"end":{"line":324,"column":56}},"59":{"start":{"line":326,"column":8},"end":{"line":326,"column":72}},"60":{"start":{"line":328,"column":8},"end":{"line":328,"column":43}},"61":{"start":{"line":339,"column":8},"end":{"line":339,"column":44}},"62":{"start":{"line":343,"column":8},"end":{"line":343,"column":44}},"63":{"start":{"line":349,"column":8},"end":{"line":349,"column":54}},"64":{"start":{"line":355,"column":8},"end":{"line":355,"column":29}},"65":{"start":{"line":356,"column":8},"end":{"line":356,"column":37}},"66":{"start":{"line":357,"column":8},"end":{"line":357,"column":25}},"67":{"start":{"line":358,"column":8},"end":{"line":358,"column":63}},"68":{"start":{"line":359,"column":8},"end":{"line":359,"column":29}},"69":{"start":{"line":361,"column":8},"end":{"line":361,"column":12224}},"70":{"start":{"line":362,"column":12},"end":{"line":362,"column":12261}},"71":{"start":{"line":366,"column":12},"end":{"line":366,"column":63}},"72":{"start":{"line":369,"column":12},"end":{"line":369,"column":12524}},"73":{"start":{"line":376,"column":8},"end":{"line":376,"column":26}},"74":{"start":{"line":383,"column":8},"end":{"line":383,"column":78}},"75":{"start":{"line":390,"column":8},"end":{"line":390,"column":25}},"76":{"start":{"line":391,"column":8},"end":{"line":391,"column":30}},"77":{"start":{"line":393,"column":8},"end":{"line":393,"column":13226}},"78":{"start":{"line":394,"column":12},"end":{"line":394,"column":13298}},"79":{"start":{"line":395,"column":16},"end":{"line":395,"column":13375}},"80":{"start":{"line":405,"column":8},"end":{"line":405,"column":22}},"81":{"start":{"line":411,"column":8},"end":{"line":411,"column":48}},"82":{"start":{"line":417,"column":8},"end":{"line":417,"column":72}},"83":{"start":{"line":419,"column":8},"end":{"line":419,"column":14019}},"84":{"start":{"line":428,"column":8},"end":{"line":428,"column":39}},"85":{"start":{"line":432,"column":8},"end":{"line":432,"column":37}},"86":{"start":{"line":436,"column":8},"end":{"line":436,"column":47}},"87":{"start":{"line":437,"column":8},"end":{"line":437,"column":69}},"88":{"start":{"line":438,"column":8},"end":{"line":438,"column":49}},"89":{"start":{"line":447,"column":8},"end":{"line":447,"column":41}},"90":{"start":{"line":448,"column":8},"end":{"line":448,"column":64}},"91":{"start":{"line":449,"column":8},"end":{"line":449,"column":14887}},"92":{"start":{"line":452,"column":8},"end":{"line":452,"column":21}},"93":{"start":{"line":458,"column":8},"end":{"line":458,"column":55}},"94":{"start":{"line":459,"column":8},"end":{"line":459,"column":74}},"95":{"start":{"line":460,"column":8},"end":{"line":460,"column":21}},"96":{"start":{"line":465,"column":8},"end":{"line":465,"column":44}},"97":{"start":{"line":469,"column":8},"end":{"line":469,"column":25}},"98":{"start":{"line":476,"column":8},"end":{"line":476,"column":43}},"99":{"start":{"line":480,"column":8},"end":{"line":480,"column":55}},"100":{"start":{"line":481,"column":8},"end":{"line":481,"column":37}},"101":{"start":{"line":483,"column":8},"end":{"line":483,"column":73}},"102":{"start":{"line":484,"column":8},"end":{"line":484,"column":57}},"103":{"start":{"line":485,"column":8},"end":{"line":485,"column":56}},"104":{"start":{"line":489,"column":8},"end":{"line":489,"column":60}},"105":{"start":{"line":490,"column":8},"end":{"line":490,"column":42}},"106":{"start":{"line":492,"column":8},"end":{"line":492,"column":73}},"107":{"start":{"line":493,"column":8},"end":{"line":493,"column":62}},"108":{"start":{"line":494,"column":8},"end":{"line":494,"column":61}},"109":{"start":{"line":498,"column":8},"end":{"line":498,"column":50}},"110":{"start":{"line":499,"column":8},"end":{"line":499,"column":32}},"111":{"start":{"line":501,"column":8},"end":{"line":501,"column":73}},"112":{"start":{"line":502,"column":8},"end":{"line":502,"column":52}},"113":{"start":{"line":503,"column":8},"end":{"line":503,"column":51}},"114":{"start":{"line":511,"column":8},"end":{"line":511,"column":29}}},"branchMap":{"1":{"line":85,"type":"if","locations":[{"start":{"line":85,"column":8},"end":{"line":85,"column":8}},{"start":{"line":85,"column":8},"end":{"line":85,"column":8}}]},"2":{"line":154,"type":"if","locations":[{"start":{"line":154,"column":8},"end":{"line":154,"column":8}},{"start":{"line":154,"column":8},"end":{"line":154,"column":8}}]},"3":{"line":155,"type":"if","locations":[{"start":{"line":155,"column":8},"end":{"line":155,"column":8}},{"start":{"line":155,"column":8},"end":{"line":155,"column":8}}]},"4":{"line":158,"type":"if","locations":[{"start":{"line":158,"column":8},"end":{"line":158,"column":8}},{"start":{"line":158,"column":8},"end":{"line":158,"column":8}}]},"5":{"line":161,"type":"if","locations":[{"start":{"line":161,"column":8},"end":{"line":161,"column":8}},{"start":{"line":161,"column":8},"end":{"line":161,"column":8}}]},"6":{"line":214,"type":"if","locations":[{"start":{"line":214,"column":8},"end":{"line":214,"column":8}},{"start":{"line":214,"column":8},"end":{"line":214,"column":8}}]},"7":{"line":215,"type":"if","locations":[{"start":{"line":215,"column":8},"end":{"line":215,"column":8}},{"start":{"line":215,"column":8},"end":{"line":215,"column":8}}]},"8":{"line":221,"type":"if","locations":[{"start":{"line":221,"column":12},"end":{"line":221,"column":12}},{"start":{"line":221,"column":12},"end":{"line":221,"column":12}}]},"9":{"line":226,"type":"if","locations":[{"start":{"line":226,"column":16},"end":{"line":226,"column":16}},{"start":{"line":226,"column":16},"end":{"line":226,"column":16}}]},"10":{"line":238,"type":"if","locations":[{"start":{"line":238,"column":8},"end":{"line":238,"column":8}},{"start":{"line":238,"column":8},"end":{"line":238,"column":8}}]},"11":{"line":244,"type":"if","locations":[{"start":{"line":244,"column":52},"end":{"line":244,"column":52}},{"start":{"line":244,"column":52},"end":{"line":244,"column":52}}]},"12":{"line":247,"type":"if","locations":[{"start":{"line":247,"column":8},"end":{"line":247,"column":8}},{"start":{"line":247,"column":8},"end":{"line":247,"column":8}}]},"13":{"line":248,"type":"if","locations":[{"start":{"line":248,"column":8},"end":{"line":248,"column":8}},{"start":{"line":248,"column":8},"end":{"line":248,"column":8}}]},"14":{"line":249,"type":"if","locations":[{"start":{"line":249,"column":8},"end":{"line":249,"column":8}},{"start":{"line":249,"column":8},"end":{"line":249,"column":8}}]},"15":{"line":250,"type":"if","locations":[{"start":{"line":250,"column":8},"end":{"line":250,"column":8}},{"start":{"line":250,"column":8},"end":{"line":250,"column":8}}]},"16":{"line":251,"type":"if","locations":[{"start":{"line":251,"column":8},"end":{"line":251,"column":8}},{"start":{"line":251,"column":8},"end":{"line":251,"column":8}}]},"17":{"line":264,"type":"if","locations":[{"start":{"line":264,"column":8},"end":{"line":264,"column":8}},{"start":{"line":264,"column":8},"end":{"line":264,"column":8}}]},"18":{"line":267,"type":"if","locations":[{"start":{"line":267,"column":14},"end":{"line":267,"column":31}},{"start":{"line":268,"column":14},"end":{"line":268,"column":20}}]},"19":{"line":269,"type":"if","locations":[{"start":{"line":269,"column":38},"end":{"line":269,"column":53}},{"start":{"line":269,"column":57},"end":{"line":269,"column":57}}]},"20":{"line":326,"type":"if","locations":[{"start":{"line":326,"column":8},"end":{"line":326,"column":8}},{"start":{"line":326,"column":8},"end":{"line":326,"column":8}}]},"21":{"line":362,"type":"if","locations":[{"start":{"line":362,"column":12},"end":{"line":362,"column":12}},{"start":{"line":362,"column":12},"end":{"line":362,"column":12}}]},"22":{"line":369,"type":"if","locations":[{"start":{"line":369,"column":12},"end":{"line":369,"column":12}},{"start":{"line":369,"column":12},"end":{"line":369,"column":12}}]},"23":{"line":395,"type":"if","locations":[{"start":{"line":395,"column":16},"end":{"line":395,"column":16}},{"start":{"line":395,"column":16},"end":{"line":395,"column":16}}]},"24":{"line":417,"type":"if","locations":[{"start":{"line":417,"column":8},"end":{"line":417,"column":8}},{"start":{"line":417,"column":8},"end":{"line":417,"column":8}}]},"25":{"line":436,"type":"if","locations":[{"start":{"line":436,"column":8},"end":{"line":436,"column":8}},{"start":{"line":436,"column":8},"end":{"line":436,"column":8}}]},"26":{"line":438,"type":"if","locations":[{"start":{"line":438,"column":8},"end":{"line":438,"column":8}},{"start":{"line":438,"column":8},"end":{"line":438,"column":8}}]},"27":{"line":444,"type":"if","locations":[{"start":{"line":444,"column":8},"end":{"line":444,"column":8}},{"start":{"line":444,"column":8},"end":{"line":444,"column":8}}]},"28":{"line":459,"type":"if","locations":[{"start":{"line":459,"column":8},"end":{"line":459,"column":8}},{"start":{"line":459,"column":8},"end":{"line":459,"column":8}}]},"29":{"line":479,"type":"if","locations":[{"start":{"line":479,"column":43},"end":{"line":479,"column":43}},{"start":{"line":479,"column":43},"end":{"line":479,"column":43}}]},"30":{"line":480,"type":"if","locations":[{"start":{"line":480,"column":8},"end":{"line":480,"column":8}},{"start":{"line":480,"column":8},"end":{"line":480,"column":8}}]},"31":{"line":484,"type":"if","locations":[{"start":{"line":484,"column":8},"end":{"line":484,"column":8}},{"start":{"line":484,"column":8},"end":{"line":484,"column":8}}]},"32":{"line":488,"type":"if","locations":[{"start":{"line":488,"column":48},"end":{"line":488,"column":48}},{"start":{"line":488,"column":48},"end":{"line":488,"column":48}}]},"33":{"line":489,"type":"if","locations":[{"start":{"line":489,"column":8},"end":{"line":489,"column":8}},{"start":{"line":489,"column":8},"end":{"line":489,"column":8}}]},"34":{"line":493,"type":"if","locations":[{"start":{"line":493,"column":8},"end":{"line":493,"column":8}},{"start":{"line":493,"column":8},"end":{"line":493,"column":8}}]},"35":{"line":497,"type":"if","locations":[{"start":{"line":497,"column":40},"end":{"line":497,"column":40}},{"start":{"line":497,"column":40},"end":{"line":497,"column":40}}]},"36":{"line":498,"type":"if","locations":[{"start":{"line":498,"column":8},"end":{"line":498,"column":8}},{"start":{"line":498,"column":8},"end":{"line":498,"column":8}}]},"37":{"line":502,"type":"if","locations":[{"start":{"line":502,"column":8},"end":{"line":502,"column":8}},{"start":{"line":502,"column":8},"end":{"line":502,"column":8}}]}}},
"contracts\\VRFCoordinatorV2_5Mock.sol":{"l":{"61":59,"62":59,"63":59,"64":59,"71":59,"82":59,"89":10,"93":10,"94":0,"96":10,"114":0,"129":0,"130":0,"131":0,"133":0,"135":0,"136":0,"137":0,"138":0,"141":0,"144":0,"145":0,"150":0,"152":0,"153":0,"155":0,"158":0,"160":0,"161":0,"163":0,"165":0,"167":0,"168":0,"184":0,"185":0,"186":0,"187":0,"188":0,"190":0,"191":0,"193":0,"194":0,"195":0,"197":0,"198":0,"209":0,"210":0,"212":0,"213":0,"214":0,"215":0,"224":10,"225":0,"227":10,"228":0,"229":10,"241":10,"242":10,"243":0,"246":10,"247":10,"249":10,"252":10,"259":10,"270":10,"286":0,"287":0,"289":0,"290":0,"291":0,"292":0,"293":0,"294":0,"295":0,"296":0,"299":0,"300":0,"310":0,"312":0,"313":0,"314":0,"316":0,"322":0},"path":"D:\\practice\\solidity\\Lottery\\contract\\contracts\\VRFCoordinatorV2_5Mock.sol","s":{"1":59,"2":59,"3":10,"4":10,"5":0,"6":0,"7":0,"8":0,"9":0,"10":0,"11":0,"12":0,"13":0,"14":0,"15":0,"16":0,"17":0,"18":0,"19":0,"20":0,"21":0,"22":0,"23":0,"24":0,"25":0,"26":0,"27":0,"28":0,"29":0,"30":10,"31":0,"32":10,"33":10,"34":10,"35":10,"36":10,"37":10,"38":10,"39":10,"40":10,"41":0,"42":0,"43":0,"44":0,"45":0,"46":0,"47":0,"48":0,"49":0,"50":0,"51":0,"52":0},"b":{"1":[59,0],"2":[0,10],"3":[0,0],"4":[0,0],"5":[0,0],"6":[0,0],"7":[0,0],"8":[0,0],"9":[0,0],"10":[0,0],"11":[0,0],"12":[0,10],"13":[0,10],"14":[10,0],"15":[10,0],"16":[0,10],"17":[0,0],"18":[0,0],"19":[0,0],"20":[0,0],"21":[0,0],"22":[0,0],"23":[0,0],"24":[0,0]},"f":{"1":59,"2":59,"3":10,"4":10,"5":0,"6":0,"7":0,"8":0,"9":10,"10":10,"11":0,"12":0,"13":0},"fnMap":{"1":{"name":"constructor","line":60,"loc":{"start":{"line":56,"column":4},"end":{"line":65,"column":4}}},"2":{"name":"setConfig","line":70,"loc":{"start":{"line":70,"column":4},"end":{"line":83,"column":4}}},"3":{"name":"consumerIsAdded","line":85,"loc":{"start":{"line":85,"column":4},"end":{"line":90,"column":4}}},"4":{"name":"onlyValidConsumer","line":92,"loc":{"start":{"line":92,"column":4},"end":{"line":97,"column":4}}},"5":{"name":"fulfillRandomWords","line":113,"loc":{"start":{"line":110,"column":4},"end":{"line":115,"column":4}}},"6":{"name":"fulfillRandomWordsWithOverride","line":124,"loc":{"start":{"line":124,"column":4},"end":{"line":177,"column":4}}},"7":{"name":"_chargePayment","line":179,"loc":{"start":{"line":179,"column":4},"end":{"line":200,"column":4}}},"8":{"name":"fundSubscription","line":208,"loc":{"start":{"line":208,"column":4},"end":{"line":216,"column":4}}},"9":{"name":"_fromBytes","line":221,"loc":{"start":{"line":221,"column":4},"end":{"line":230,"column":4}}},"10":{"name":"requestRandomWords","line":238,"loc":{"start":{"line":232,"column":4},"end":{"line":271,"column":4}}},"11":{"name":"removeConsumer","line":284,"loc":{"start":{"line":276,"column":4},"end":{"line":301,"column":4}}},"12":{"name":"cancelSubscription","line":309,"loc":{"start":{"line":306,"column":4},"end":{"line":317,"column":4}}},"13":{"name":"pendingRequestExists","line":319,"loc":{"start":{"line":319,"column":4},"end":{"line":323,"column":4}}}},"statementMap":{"1":{"start":{"line":64,"column":8},"end":{"line":64,"column":18}},"2":{"start":{"line":82,"column":8},"end":{"line":82,"column":24}},"3":{"start":{"line":89,"column":8},"end":{"line":89,"column":52}},"4":{"start":{"line":93,"column":8},"end":{"line":93,"column":2924}},"5":{"start":{"line":114,"column":8},"end":{"line":114,"column":78}},"6":{"start":{"line":129,"column":8},"end":{"line":129,"column":36}},"7":{"start":{"line":130,"column":8},"end":{"line":130,"column":4310}},"8":{"start":{"line":133,"column":8},"end":{"line":133,"column":51}},"9":{"start":{"line":135,"column":8},"end":{"line":135,"column":4460}},"10":{"start":{"line":137,"column":12},"end":{"line":137,"column":4552}},"11":{"start":{"line":140,"column":15},"end":{"line":140,"column":4697}},"12":{"start":{"line":144,"column":8},"end":{"line":144,"column":31}},"13":{"start":{"line":145,"column":8},"end":{"line":145,"column":4828}},"14":{"start":{"line":152,"column":8},"end":{"line":152,"column":77}},"15":{"start":{"line":155,"column":8},"end":{"line":155,"column":5223}},"16":{"start":{"line":158,"column":8},"end":{"line":158,"column":5355}},"17":{"start":{"line":160,"column":8},"end":{"line":160,"column":5407}},"18":{"start":{"line":163,"column":8},"end":{"line":163,"column":43}},"19":{"start":{"line":165,"column":8},"end":{"line":165,"column":56}},"20":{"start":{"line":168,"column":8},"end":{"line":168,"column":5672}},"21":{"start":{"line":184,"column":8},"end":{"line":184,"column":65}},"22":{"start":{"line":185,"column":8},"end":{"line":185,"column":6069}},"23":{"start":{"line":186,"column":12},"end":{"line":186,"column":54}},"24":{"start":{"line":187,"column":12},"end":{"line":187,"column":6162}},"25":{"start":{"line":193,"column":12},"end":{"line":193,"column":48}},"26":{"start":{"line":194,"column":12},"end":{"line":194,"column":6430}},"27":{"start":{"line":209,"column":8},"end":{"line":209,"column":6916}},"28":{"start":{"line":212,"column":8},"end":{"line":212,"column":60}},"29":{"start":{"line":215,"column":8},"end":{"line":215,"column":73}},"30":{"start":{"line":224,"column":8},"end":{"line":224,"column":7545}},"31":{"start":{"line":225,"column":12},"end":{"line":225,"column":70}},"32":{"start":{"line":227,"column":8},"end":{"line":227,"column":7696}},"33":{"start":{"line":229,"column":8},"end":{"line":229,"column":71}},"34":{"start":{"line":241,"column":8},"end":{"line":241,"column":34}},"35":{"start":{"line":242,"column":8},"end":{"line":242,"column":8123}},"36":{"start":{"line":246,"column":8},"end":{"line":246,"column":45}},"37":{"start":{"line":247,"column":8},"end":{"line":247,"column":41}},"38":{"start":{"line":249,"column":8},"end":{"line":249,"column":8332}},"39":{"start":{"line":259,"column":8},"end":{"line":259,"column":8664}},"40":{"start":{"line":270,"column":8},"end":{"line":270,"column":24}},"41":{"start":{"line":286,"column":8},"end":{"line":286,"column":9266}},"42":{"start":{"line":289,"column":8},"end":{"line":289,"column":76}},"43":{"start":{"line":290,"column":8},"end":{"line":290,"column":56}},"44":{"start":{"line":291,"column":8},"end":{"line":291,"column":9521}},"45":{"start":{"line":292,"column":12},"end":{"line":292,"column":9586}},"46":{"start":{"line":293,"column":16},"end":{"line":293,"column":59}},"47":{"start":{"line":295,"column":16},"end":{"line":295,"column":60}},"48":{"start":{"line":300,"column":8},"end":{"line":300,"column":59}},"49":{"start":{"line":310,"column":8},"end":{"line":310,"column":76}},"50":{"start":{"line":312,"column":8},"end":{"line":312,"column":70}},"51":{"start":{"line":313,"column":8},"end":{"line":313,"column":10330}},"52":{"start":{"line":316,"column":8},"end":{"line":316,"column":70}}},"branchMap":{"1":{"line":70,"type":"if","locations":[{"start":{"line":70,"column":32},"end":{"line":70,"column":32}},{"start":{"line":70,"column":32},"end":{"line":70,"column":32}}]},"2":{"line":93,"type":"if","locations":[{"start":{"line":93,"column":8},"end":{"line":93,"column":8}},{"start":{"line":93,"column":8},"end":{"line":93,"column":8}}]},"3":{"line":113,"type":"if","locations":[{"start":{"line":113,"column":15},"end":{"line":113,"column":15}},{"start":{"line":113,"column":15},"end":{"line":113,"column":15}}]},"4":{"line":130,"type":"if","locations":[{"start":{"line":130,"column":8},"end":{"line":130,"column":8}},{"start":{"line":130,"column":8},"end":{"line":130,"column":8}}]},"5":{"line":135,"type":"if","locations":[{"start":{"line":135,"column":8},"end":{"line":135,"column":8}},{"start":{"line":135,"column":8},"end":{"line":135,"column":8}}]},"6":{"line":140,"type":"if","locations":[{"start":{"line":140,"column":15},"end":{"line":140,"column":15}},{"start":{"line":140,"column":15},"end":{"line":140,"column":15}}]},"7":{"line":160,"type":"if","locations":[{"start":{"line":160,"column":8},"end":{"line":160,"column":8}},{"start":{"line":160,"column":8},"end":{"line":160,"column":8}}]},"8":{"line":185,"type":"if","locations":[{"start":{"line":185,"column":8},"end":{"line":185,"column":8}},{"start":{"line":185,"column":8},"end":{"line":185,"column":8}}]},"9":{"line":187,"type":"if","locations":[{"start":{"line":187,"column":12},"end":{"line":187,"column":12}},{"start":{"line":187,"column":12},"end":{"line":187,"column":12}}]},"10":{"line":194,"type":"if","locations":[{"start":{"line":194,"column":12},"end":{"line":194,"column":12}},{"start":{"line":194,"column":12},"end":{"line":194,"column":12}}]},"11":{"line":209,"type":"if","locations":[{"start":{"line":209,"column":8},"end":{"line":209,"column":8}},{"start":{"line":209,"column":8},"end":{"line":209,"column":8}}]},"12":{"line":224,"type":"if","locations":[{"start":{"line":224,"column":8},"end":{"line":224,"column":8}},{"start":{"line":224,"column":8},"end":{"line":224,"column":8}}]},"13":{"line":227,"type":"if","locations":[{"start":{"line":227,"column":8},"end":{"line":227,"column":8}},{"start":{"line":227,"column":8},"end":{"line":227,"column":8}}]},"14":{"line":237,"type":"if","locations":[{"start":{"line":237,"column":8},"end":{"line":237,"column":8}},{"start":{"line":237,"column":8},"end":{"line":237,"column":8}}]},"15":{"line":238,"type":"if","locations":[{"start":{"line":238,"column":8},"end":{"line":238,"column":8}},{"start":{"line":238,"column":8},"end":{"line":238,"column":8}}]},"16":{"line":242,"type":"if","locations":[{"start":{"line":242,"column":8},"end":{"line":242,"column":8}},{"start":{"line":242,"column":8},"end":{"line":242,"column":8}}]},"17":{"line":282,"type":"if","locations":[{"start":{"line":282,"column":8},"end":{"line":282,"column":8}},{"start":{"line":282,"column":8},"end":{"line":282,"column":8}}]},"18":{"line":283,"type":"if","locations":[{"start":{"line":283,"column":8},"end":{"line":283,"column":8}},{"start":{"line":283,"column":8},"end":{"line":283,"column":8}}]},"19":{"line":284,"type":"if","locations":[{"start":{"line":284,"column":8},"end":{"line":284,"column":8}},{"start":{"line":284,"column":8},"end":{"line":284,"column":8}}]},"20":{"line":286,"type":"if","locations":[{"start":{"line":286,"column":8},"end":{"line":286,"column":8}},{"start":{"line":286,"column":8},"end":{"line":286,"column":8}}]},"21":{"line":292,"type":"if","locations":[{"start":{"line":292,"column":12},"end":{"line":292,"column":12}},{"start":{"line":292,"column":12},"end":{"line":292,"column":12}}]},"22":{"line":309,"type":"if","locations":[{"start":{"line":309,"column":24},"end":{"line":309,"column":24}},{"start":{"line":309,"column":24},"end":{"line":309,"column":24}}]},"23":{"line":309,"type":"if","locations":[{"start":{"line":309,"column":45},"end":{"line":309,"column":45}},{"start":{"line":309,"column":45},"end":{"line":309,"column":45}}]},"24":{"line":313,"type":"if","locations":[{"start":{"line":313,"column":8},"end":{"line":313,"column":8}},{"start":{"line":313,"column":8},"end":{"line":313,"column":8}}]}}}}
