{
"contracts\\Lottery.sol":{"l":{"75":0,"76":0,"82":0,"83":0,"87":0,"91":0,"97":0,"101":0,"102":0,"104":0,"116":0,"117":0,"119":0,"121":0,"128":0,"130":0,"131":0,"136":0,"137":0,"139":0,"141":0,"145":0,"147":0,"151":0,"152":0,"153":0,"158":0,"159":0,"161":0,"163":0,"168":0,"170":0,"179":0,"180":0,"182":0,"183":0,"185":0,"186":0,"189":0,"190":0,"192":0,"193":0,"198":0,"211":0,"212":0,"219":0,"220":0,"222":0,"228":0,"229":0,"230":0,"231":0,"233":0,"234":0,"235":0,"236":0,"238":0,"239":0,"241":0,"242":0,"243":0,"244":0,"253":0,"255":0,"256":0,"257":0,"260":0,"266":0,"267":0,"269":0,"271":0,"273":0,"275":0,"277":0,"282":0,"283":0,"284":0,"288":0,"289":0,"290":0,"294":0,"295":0,"296":0,"297":0,"298":0,"302":0,"303":0,"304":0,"305":0,"306":0,"310":0,"314":0},"path":"D:\\practice\\solidity\\Lottery\\contracts\\Lottery.sol","s":{"1":0,"2":0,"3":0,"4":0,"5":0,"6":0,"7":0,"8":0,"9":0,"10":0,"11":0,"12":0,"13":0,"14":0,"15":0,"16":0,"17":0,"18":0,"19":0,"20":0,"21":0,"22":0,"23":0,"24":0,"25":0,"26":0,"27":0,"28":0,"29":0,"30":0,"31":0,"32":0,"33":0,"34":0,"35":0,"36":0,"37":0,"38":0,"39":0,"40":0,"41":0,"42":0,"43":0,"44":0,"45":0,"46":0,"47":0,"48":0,"49":0,"50":0,"51":0,"52":0,"53":0,"54":0,"55":0,"56":0,"57":0,"58":0,"59":0,"60":0,"61":0,"62":0,"63":0,"64":0,"65":0,"66":0,"67":0,"68":0},"b":{"1":[0,0],"2":[0,0],"3":[0,0],"4":[0,0],"5":[0,0],"6":[0,0],"7":[0,0],"8":[0,0],"9":[0,0],"10":[0,0],"11":[0,0],"12":[0,0],"13":[0,0],"14":[0,0],"15":[0,0],"16":[0,0],"17":[0,0],"18":[0,0],"19":[0,0],"20":[0,0],"21":[0,0],"22":[0,0],"23":[0,0],"24":[0,0],"25":[0,0],"26":[0,0],"27":[0,0],"28":[0,0],"29":[0,0]},"f":{"1":0,"2":0,"3":0,"4":0,"5":0,"6":0,"7":0,"8":0,"9":0,"10":0,"11":0,"12":0,"13":0,"14":0,"15":0,"16":0,"17":0,"18":0},"fnMap":{"1":{"name":"_onlyOwner","line":74,"loc":{"start":{"line":74,"column":4},"end":{"line":77,"column":4}}},"2":{"name":"constructor","line":81,"loc":{"start":{"line":79,"column":4},"end":{"line":84,"column":4}}},"3":{"name":"getContractOwner","line":86,"loc":{"start":{"line":86,"column":4},"end":{"line":88,"column":4}}},"4":{"name":"getJackpot","line":90,"loc":{"start":{"line":90,"column":4},"end":{"line":92,"column":4}}},"5":{"name":"getActiveTicketNumber","line":94,"loc":{"start":{"line":94,"column":4},"end":{"line":98,"column":4}}},"6":{"name":"buyTicket","line":100,"loc":{"start":{"line":100,"column":4},"end":{"line":122,"column":4}}},"7":{"name":"submitCombination","line":124,"loc":{"start":{"line":124,"column":4},"end":{"line":142,"column":4}}},"8":{"name":"getResults","line":144,"loc":{"start":{"line":144,"column":4},"end":{"line":195,"column":4}}},"9":{"name":"_requestRandomNumber","line":197,"loc":{"start":{"line":197,"column":4},"end":{"line":213,"column":4}}},"10":{"name":"fulfillRandomWords","line":215,"loc":{"start":{"line":215,"column":4},"end":{"line":223,"column":4}}},"11":{"name":"_generateWinningCombination","line":225,"loc":{"start":{"line":225,"column":4},"end":{"line":247,"column":4}}},"12":{"name":"_checkWinningCombination","line":249,"loc":{"start":{"line":249,"column":4},"end":{"line":261,"column":4}}},"13":{"name":"_calculateReward","line":263,"loc":{"start":{"line":263,"column":4},"end":{"line":279,"column":4}}},"14":{"name":"_sendReward","line":281,"loc":{"start":{"line":281,"column":4},"end":{"line":285,"column":4}}},"15":{"name":"distribute","line":287,"loc":{"start":{"line":287,"column":4},"end":{"line":291,"column":4}}},"16":{"name":"withdrawOwnerBalance","line":293,"loc":{"start":{"line":293,"column":4},"end":{"line":299,"column":4}}},"17":{"name":"withdrawOperationsBalance","line":301,"loc":{"start":{"line":301,"column":4},"end":{"line":307,"column":4}}},"18":{"name":null,"line":313,"loc":{"start":{"line":313,"column":4},"end":{"line":315,"column":4}}}},"statementMap":{"1":{"start":{"line":75,"column":8},"end":{"line":75,"column":61}},"2":{"start":{"line":87,"column":8},"end":{"line":87,"column":28}},"3":{"start":{"line":91,"column":8},"end":{"line":91,"column":22}},"4":{"start":{"line":97,"column":8},"end":{"line":97,"column":57}},"5":{"start":{"line":101,"column":8},"end":{"line":101,"column":59}},"6":{"start":{"line":102,"column":8},"end":{"line":102,"column":78}},"7":{"start":{"line":104,"column":8},"end":{"line":104,"column":3421}},"8":{"start":{"line":119,"column":8},"end":{"line":119,"column":28}},"9":{"start":{"line":121,"column":8},"end":{"line":121,"column":54}},"10":{"start":{"line":128,"column":8},"end":{"line":128,"column":64}},"11":{"start":{"line":130,"column":8},"end":{"line":130,"column":75}},"12":{"start":{"line":131,"column":8},"end":{"line":131,"column":4354}},"13":{"start":{"line":139,"column":8},"end":{"line":139,"column":70}},"14":{"start":{"line":141,"column":8},"end":{"line":141,"column":37}},"15":{"start":{"line":145,"column":8},"end":{"line":145,"column":56}},"16":{"start":{"line":147,"column":8},"end":{"line":147,"column":4853}},"17":{"start":{"line":151,"column":8},"end":{"line":151,"column":67}},"18":{"start":{"line":152,"column":8},"end":{"line":152,"column":74}},"19":{"start":{"line":153,"column":8},"end":{"line":153,"column":5125}},"20":{"start":{"line":158,"column":8},"end":{"line":158,"column":42}},"21":{"start":{"line":161,"column":8},"end":{"line":161,"column":77}},"22":{"start":{"line":163,"column":8},"end":{"line":163,"column":5443}},"23":{"start":{"line":168,"column":8},"end":{"line":168,"column":64}},"24":{"start":{"line":170,"column":8},"end":{"line":170,"column":5663}},"25":{"start":{"line":179,"column":8},"end":{"line":179,"column":5892}},"26":{"start":{"line":180,"column":12},"end":{"line":180,"column":41}},"27":{"start":{"line":182,"column":12},"end":{"line":182,"column":5979}},"28":{"start":{"line":192,"column":12},"end":{"line":192,"column":62}},"29":{"start":{"line":193,"column":12},"end":{"line":193,"column":44}},"30":{"start":{"line":198,"column":8},"end":{"line":198,"column":6485}},"31":{"start":{"line":212,"column":8},"end":{"line":212,"column":24}},"32":{"start":{"line":219,"column":8},"end":{"line":219,"column":57}},"33":{"start":{"line":222,"column":8},"end":{"line":222,"column":71}},"34":{"start":{"line":228,"column":8},"end":{"line":228,"column":29}},"35":{"start":{"line":229,"column":8},"end":{"line":229,"column":25}},"36":{"start":{"line":230,"column":8},"end":{"line":230,"column":70}},"37":{"start":{"line":231,"column":8},"end":{"line":231,"column":30}},"38":{"start":{"line":233,"column":8},"end":{"line":233,"column":7702}},"39":{"start":{"line":234,"column":12},"end":{"line":234,"column":7739}},"40":{"start":{"line":238,"column":12},"end":{"line":238,"column":73}},"41":{"start":{"line":241,"column":12},"end":{"line":241,"column":7999}},"42":{"start":{"line":253,"column":8},"end":{"line":253,"column":25}},"43":{"start":{"line":255,"column":8},"end":{"line":255,"column":8386}},"44":{"start":{"line":256,"column":12},"end":{"line":256,"column":8459}},"45":{"start":{"line":260,"column":8},"end":{"line":260,"column":22}},"46":{"start":{"line":266,"column":8},"end":{"line":266,"column":8712}},"47":{"start":{"line":267,"column":12},"end":{"line":267,"column":20}},"48":{"start":{"line":268,"column":15},"end":{"line":268,"column":8803}},"49":{"start":{"line":269,"column":12},"end":{"line":269,"column":35}},"50":{"start":{"line":270,"column":15},"end":{"line":270,"column":8885}},"51":{"start":{"line":271,"column":12},"end":{"line":271,"column":38}},"52":{"start":{"line":272,"column":15},"end":{"line":272,"column":8970}},"53":{"start":{"line":273,"column":12},"end":{"line":273,"column":39}},"54":{"start":{"line":274,"column":15},"end":{"line":274,"column":9056}},"55":{"start":{"line":275,"column":12},"end":{"line":275,"column":26}},"56":{"start":{"line":277,"column":12},"end":{"line":277,"column":53}},"57":{"start":{"line":282,"column":8},"end":{"line":282,"column":47}},"58":{"start":{"line":283,"column":8},"end":{"line":283,"column":69}},"59":{"start":{"line":284,"column":8},"end":{"line":284,"column":49}},"60":{"start":{"line":294,"column":8},"end":{"line":294,"column":55}},"61":{"start":{"line":295,"column":8},"end":{"line":295,"column":37}},"62":{"start":{"line":297,"column":8},"end":{"line":297,"column":73}},"63":{"start":{"line":298,"column":8},"end":{"line":298,"column":57}},"64":{"start":{"line":302,"column":8},"end":{"line":302,"column":60}},"65":{"start":{"line":303,"column":8},"end":{"line":303,"column":42}},"66":{"start":{"line":305,"column":8},"end":{"line":305,"column":73}},"67":{"start":{"line":306,"column":8},"end":{"line":306,"column":62}},"68":{"start":{"line":314,"column":8},"end":{"line":314,"column":29}}},"branchMap":{"1":{"line":75,"type":"if","locations":[{"start":{"line":75,"column":8},"end":{"line":75,"column":8}},{"start":{"line":75,"column":8},"end":{"line":75,"column":8}}]},"2":{"line":101,"type":"if","locations":[{"start":{"line":101,"column":8},"end":{"line":101,"column":8}},{"start":{"line":101,"column":8},"end":{"line":101,"column":8}}]},"3":{"line":102,"type":"if","locations":[{"start":{"line":102,"column":8},"end":{"line":102,"column":8}},{"start":{"line":102,"column":8},"end":{"line":102,"column":8}}]},"4":{"line":130,"type":"if","locations":[{"start":{"line":130,"column":8},"end":{"line":130,"column":8}},{"start":{"line":130,"column":8},"end":{"line":130,"column":8}}]},"5":{"line":131,"type":"if","locations":[{"start":{"line":131,"column":8},"end":{"line":131,"column":8}},{"start":{"line":131,"column":8},"end":{"line":131,"column":8}}]},"6":{"line":144,"type":"if","locations":[{"start":{"line":144,"column":51},"end":{"line":144,"column":51}},{"start":{"line":144,"column":51},"end":{"line":144,"column":51}}]},"7":{"line":147,"type":"if","locations":[{"start":{"line":147,"column":8},"end":{"line":147,"column":8}},{"start":{"line":147,"column":8},"end":{"line":147,"column":8}}]},"8":{"line":151,"type":"if","locations":[{"start":{"line":151,"column":8},"end":{"line":151,"column":8}},{"start":{"line":151,"column":8},"end":{"line":151,"column":8}}]},"9":{"line":152,"type":"if","locations":[{"start":{"line":152,"column":8},"end":{"line":152,"column":8}},{"start":{"line":152,"column":8},"end":{"line":152,"column":8}}]},"10":{"line":153,"type":"if","locations":[{"start":{"line":153,"column":8},"end":{"line":153,"column":8}},{"start":{"line":153,"column":8},"end":{"line":153,"column":8}}]},"11":{"line":179,"type":"if","locations":[{"start":{"line":179,"column":8},"end":{"line":179,"column":8}},{"start":{"line":179,"column":8},"end":{"line":179,"column":8}}]},"12":{"line":182,"type":"if","locations":[{"start":{"line":182,"column":12},"end":{"line":182,"column":12}},{"start":{"line":182,"column":12},"end":{"line":182,"column":12}}]},"13":{"line":234,"type":"if","locations":[{"start":{"line":234,"column":12},"end":{"line":234,"column":12}},{"start":{"line":234,"column":12},"end":{"line":234,"column":12}}]},"14":{"line":241,"type":"if","locations":[{"start":{"line":241,"column":12},"end":{"line":241,"column":12}},{"start":{"line":241,"column":12},"end":{"line":241,"column":12}}]},"15":{"line":256,"type":"if","locations":[{"start":{"line":256,"column":12},"end":{"line":256,"column":12}},{"start":{"line":256,"column":12},"end":{"line":256,"column":12}}]},"16":{"line":266,"type":"if","locations":[{"start":{"line":266,"column":8},"end":{"line":266,"column":8}},{"start":{"line":266,"column":8},"end":{"line":266,"column":8}}]},"17":{"line":266,"type":"cond-expr","locations":[{"start":{"line":266,"column":12},"end":{"line":266,"column":31}},{"start":{"line":266,"column":36},"end":{"line":266,"column":55}}]},"18":{"line":268,"type":"if","locations":[{"start":{"line":268,"column":15},"end":{"line":268,"column":15}},{"start":{"line":268,"column":15},"end":{"line":268,"column":15}}]},"19":{"line":270,"type":"if","locations":[{"start":{"line":270,"column":15},"end":{"line":270,"column":15}},{"start":{"line":270,"column":15},"end":{"line":270,"column":15}}]},"20":{"line":272,"type":"if","locations":[{"start":{"line":272,"column":15},"end":{"line":272,"column":15}},{"start":{"line":272,"column":15},"end":{"line":272,"column":15}}]},"21":{"line":274,"type":"if","locations":[{"start":{"line":274,"column":15},"end":{"line":274,"column":15}},{"start":{"line":274,"column":15},"end":{"line":274,"column":15}}]},"22":{"line":282,"type":"if","locations":[{"start":{"line":282,"column":8},"end":{"line":282,"column":8}},{"start":{"line":282,"column":8},"end":{"line":282,"column":8}}]},"23":{"line":284,"type":"if","locations":[{"start":{"line":284,"column":8},"end":{"line":284,"column":8}},{"start":{"line":284,"column":8},"end":{"line":284,"column":8}}]},"24":{"line":293,"type":"if","locations":[{"start":{"line":293,"column":51},"end":{"line":293,"column":51}},{"start":{"line":293,"column":51},"end":{"line":293,"column":51}}]},"25":{"line":294,"type":"if","locations":[{"start":{"line":294,"column":8},"end":{"line":294,"column":8}},{"start":{"line":294,"column":8},"end":{"line":294,"column":8}}]},"26":{"line":298,"type":"if","locations":[{"start":{"line":298,"column":8},"end":{"line":298,"column":8}},{"start":{"line":298,"column":8},"end":{"line":298,"column":8}}]},"27":{"line":301,"type":"if","locations":[{"start":{"line":301,"column":56},"end":{"line":301,"column":56}},{"start":{"line":301,"column":56},"end":{"line":301,"column":56}}]},"28":{"line":302,"type":"if","locations":[{"start":{"line":302,"column":8},"end":{"line":302,"column":8}},{"start":{"line":302,"column":8},"end":{"line":302,"column":8}}]},"29":{"line":306,"type":"if","locations":[{"start":{"line":306,"column":8},"end":{"line":306,"column":8}},{"start":{"line":306,"column":8},"end":{"line":306,"column":8}}]}}},
"contracts\\LotteryTest.sol":{"l":{"81":6,"82":4,"89":47,"90":47,"91":47,"95":1,"99":9,"103":4,"107":4,"113":12,"119":4,"120":4,"124":7,"125":7,"127":7,"139":7,"141":7,"143":7,"147":2,"148":2,"150":1,"162":1,"163":1,"165":1,"167":1,"174":8,"176":8,"177":7,"182":6,"183":6,"185":6,"187":6,"191":5,"193":5,"197":4,"198":4,"199":3,"204":2,"205":2,"207":2,"209":2,"214":2,"216":2,"225":2,"226":0,"228":0,"229":0,"231":0,"232":0,"235":0,"236":0,"238":0,"239":0,"246":1,"250":7,"263":7,"264":7,"266":7,"273":3,"277":2,"284":3,"285":3,"287":3,"291":1,"295":1,"301":3,"302":3,"303":3,"304":3,"306":3,"307":17,"308":0,"309":0,"311":17,"312":17,"314":17,"315":15,"316":15,"317":15,"326":17,"333":19,"335":19,"336":95,"337":39,"340":19,"346":7,"352":9,"353":4,"355":1,"357":1,"359":1,"361":1,"363":1,"368":2,"372":2,"373":1,"374":1,"378":0,"382":13,"383":13,"384":13,"388":2,"389":1,"390":1,"391":1,"392":1,"396":2,"397":1,"398":1,"399":1,"400":1,"404":12,"408":1},"path":"D:\\practice\\solidity\\Lottery\\contracts\\LotteryTest.sol","s":{"1":6,"2":1,"3":9,"4":4,"5":4,"6":12,"7":4,"8":4,"9":7,"10":7,"11":7,"12":2,"13":2,"14":1,"15":1,"16":1,"17":8,"18":8,"19":7,"20":6,"21":6,"22":5,"23":5,"24":4,"25":4,"26":3,"27":2,"28":2,"29":2,"30":2,"31":2,"32":2,"33":0,"34":0,"35":0,"36":0,"37":1,"38":7,"39":7,"40":7,"41":3,"42":2,"43":3,"44":3,"45":1,"46":1,"47":3,"48":3,"49":3,"50":3,"51":3,"52":17,"53":17,"54":17,"55":17,"56":19,"57":19,"58":95,"59":19,"60":7,"61":9,"62":4,"63":5,"64":1,"65":4,"66":1,"67":3,"68":1,"69":2,"70":1,"71":1,"72":2,"73":2,"74":1,"75":1,"76":0,"77":2,"78":1,"79":1,"80":1,"81":2,"82":1,"83":1,"84":1,"85":1},"b":{"1":[4,2],"2":[2,0],"3":[1,1],"4":[7,1],"5":[6,1],"6":[5,0],"7":[4,1],"8":[4,0],"9":[3,1],"10":[2,1],"11":[0,2],"12":[0,0],"13":[0,17],"14":[15,2],"15":[39,56],"16":[4,5],"17":[3,1],"18":[1,4],"19":[1,3],"20":[1,2],"21":[1,1],"22":[1,1],"23":[1,0],"24":[2,1],"25":[1,1],"26":[1,0],"27":[2,1],"28":[1,1],"29":[1,0]},"f":{"1":6,"2":47,"3":1,"4":9,"5":4,"6":4,"7":12,"8":4,"9":7,"10":2,"11":8,"12":5,"13":1,"14":7,"15":3,"16":2,"17":3,"18":1,"19":1,"20":3,"21":17,"22":19,"23":7,"24":9,"25":2,"26":2,"27":0,"28":13,"29":2,"30":2,"31":1},"fnMap":{"1":{"name":"_onlyOwner","line":80,"loc":{"start":{"line":80,"column":4},"end":{"line":83,"column":4}}},"2":{"name":"constructor","line":88,"loc":{"start":{"line":85,"column":4},"end":{"line":92,"column":4}}},"3":{"name":"getContractOwner","line":94,"loc":{"start":{"line":94,"column":4},"end":{"line":96,"column":4}}},"4":{"name":"getJackpot","line":98,"loc":{"start":{"line":98,"column":4},"end":{"line":100,"column":4}}},"5":{"name":"getOperationsBalance","line":102,"loc":{"start":{"line":102,"column":4},"end":{"line":104,"column":4}}},"6":{"name":"getOwnerBalance","line":106,"loc":{"start":{"line":106,"column":4},"end":{"line":108,"column":4}}},"7":{"name":"getActiveTicketNumber","line":110,"loc":{"start":{"line":110,"column":4},"end":{"line":114,"column":4}}},"8":{"name":"getPlayerTicket","line":116,"loc":{"start":{"line":116,"column":4},"end":{"line":121,"column":4}}},"9":{"name":"assignTestTicket","line":123,"loc":{"start":{"line":123,"column":4},"end":{"line":144,"column":4}}},"10":{"name":"buyTicket","line":146,"loc":{"start":{"line":146,"column":4},"end":{"line":168,"column":4}}},"11":{"name":"submitCombination","line":170,"loc":{"start":{"line":170,"column":4},"end":{"line":188,"column":4}}},"12":{"name":"getResults","line":190,"loc":{"start":{"line":190,"column":4},"end":{"line":241,"column":4}}},"13":{"name":"test_requestRandomNumber","line":243,"loc":{"start":{"line":243,"column":4},"end":{"line":247,"column":4}}},"14":{"name":"_requestRandomNumber","line":249,"loc":{"start":{"line":249,"column":4},"end":{"line":267,"column":4}}},"15":{"name":"test_fulfillRandomWords","line":269,"loc":{"start":{"line":269,"column":4},"end":{"line":274,"column":4}}},"16":{"name":"getRandomWord","line":276,"loc":{"start":{"line":276,"column":4},"end":{"line":278,"column":4}}},"17":{"name":"fulfillRandomWords","line":280,"loc":{"start":{"line":280,"column":4},"end":{"line":288,"column":4}}},"18":{"name":"test_generateWinningCombination","line":290,"loc":{"start":{"line":290,"column":4},"end":{"line":292,"column":4}}},"19":{"name":"getWinningCombination","line":294,"loc":{"start":{"line":294,"column":4},"end":{"line":296,"column":4}}},"20":{"name":"_generateWinningCombination","line":298,"loc":{"start":{"line":298,"column":4},"end":{"line":320,"column":4}}},"21":{"name":"test_checkWinningCombination","line":322,"loc":{"start":{"line":322,"column":4},"end":{"line":327,"column":4}}},"22":{"name":"_checkWinningCombination","line":329,"loc":{"start":{"line":329,"column":4},"end":{"line":341,"column":4}}},"23":{"name":"test_calculateReward","line":343,"loc":{"start":{"line":343,"column":4},"end":{"line":347,"column":4}}},"24":{"name":"_calculateReward","line":349,"loc":{"start":{"line":349,"column":4},"end":{"line":365,"column":4}}},"25":{"name":"test_sendReward","line":367,"loc":{"start":{"line":367,"column":4},"end":{"line":369,"column":4}}},"26":{"name":"_sendReward","line":371,"loc":{"start":{"line":371,"column":4},"end":{"line":375,"column":4}}},"27":{"name":"testDistribute","line":377,"loc":{"start":{"line":377,"column":4},"end":{"line":379,"column":4}}},"28":{"name":"distribute","line":381,"loc":{"start":{"line":381,"column":4},"end":{"line":385,"column":4}}},"29":{"name":"withdrawOwnerBalance","line":387,"loc":{"start":{"line":387,"column":4},"end":{"line":393,"column":4}}},"30":{"name":"withdrawOperationsBalance","line":395,"loc":{"start":{"line":395,"column":4},"end":{"line":401,"column":4}}},"31":{"name":null,"line":407,"loc":{"start":{"line":407,"column":4},"end":{"line":409,"column":4}}}},"statementMap":{"1":{"start":{"line":81,"column":8},"end":{"line":81,"column":61}},"2":{"start":{"line":95,"column":8},"end":{"line":95,"column":28}},"3":{"start":{"line":99,"column":8},"end":{"line":99,"column":22}},"4":{"start":{"line":103,"column":8},"end":{"line":103,"column":32}},"5":{"start":{"line":107,"column":8},"end":{"line":107,"column":27}},"6":{"start":{"line":113,"column":8},"end":{"line":113,"column":57}},"7":{"start":{"line":119,"column":8},"end":{"line":119,"column":73}},"8":{"start":{"line":120,"column":8},"end":{"line":120,"column":36}},"9":{"start":{"line":125,"column":8},"end":{"line":125,"column":41}},"10":{"start":{"line":127,"column":8},"end":{"line":127,"column":4039}},"11":{"start":{"line":143,"column":8},"end":{"line":143,"column":50}},"12":{"start":{"line":147,"column":8},"end":{"line":147,"column":59}},"13":{"start":{"line":148,"column":8},"end":{"line":148,"column":78}},"14":{"start":{"line":150,"column":8},"end":{"line":150,"column":4845}},"15":{"start":{"line":165,"column":8},"end":{"line":165,"column":28}},"16":{"start":{"line":167,"column":8},"end":{"line":167,"column":54}},"17":{"start":{"line":174,"column":8},"end":{"line":174,"column":64}},"18":{"start":{"line":176,"column":8},"end":{"line":176,"column":75}},"19":{"start":{"line":177,"column":8},"end":{"line":177,"column":5778}},"20":{"start":{"line":185,"column":8},"end":{"line":185,"column":70}},"21":{"start":{"line":187,"column":8},"end":{"line":187,"column":37}},"22":{"start":{"line":191,"column":8},"end":{"line":191,"column":56}},"23":{"start":{"line":193,"column":8},"end":{"line":193,"column":6277}},"24":{"start":{"line":197,"column":8},"end":{"line":197,"column":67}},"25":{"start":{"line":198,"column":8},"end":{"line":198,"column":74}},"26":{"start":{"line":199,"column":8},"end":{"line":199,"column":6549}},"27":{"start":{"line":204,"column":8},"end":{"line":204,"column":42}},"28":{"start":{"line":207,"column":8},"end":{"line":207,"column":77}},"29":{"start":{"line":209,"column":8},"end":{"line":209,"column":6867}},"30":{"start":{"line":214,"column":8},"end":{"line":214,"column":64}},"31":{"start":{"line":216,"column":8},"end":{"line":216,"column":7087}},"32":{"start":{"line":225,"column":8},"end":{"line":225,"column":7316}},"33":{"start":{"line":226,"column":12},"end":{"line":226,"column":41}},"34":{"start":{"line":228,"column":12},"end":{"line":228,"column":7403}},"35":{"start":{"line":238,"column":12},"end":{"line":238,"column":44}},"36":{"start":{"line":239,"column":12},"end":{"line":239,"column":62}},"37":{"start":{"line":246,"column":8},"end":{"line":246,"column":45}},"38":{"start":{"line":250,"column":8},"end":{"line":250,"column":8068}},"39":{"start":{"line":264,"column":8},"end":{"line":264,"column":54}},"40":{"start":{"line":266,"column":8},"end":{"line":266,"column":24}},"41":{"start":{"line":273,"column":8},"end":{"line":273,"column":49}},"42":{"start":{"line":277,"column":8},"end":{"line":277,"column":36}},"43":{"start":{"line":284,"column":8},"end":{"line":284,"column":57}},"44":{"start":{"line":287,"column":8},"end":{"line":287,"column":71}},"45":{"start":{"line":291,"column":8},"end":{"line":291,"column":46}},"46":{"start":{"line":295,"column":8},"end":{"line":295,"column":44}},"47":{"start":{"line":301,"column":8},"end":{"line":301,"column":29}},"48":{"start":{"line":302,"column":8},"end":{"line":302,"column":25}},"49":{"start":{"line":303,"column":8},"end":{"line":303,"column":70}},"50":{"start":{"line":304,"column":8},"end":{"line":304,"column":30}},"51":{"start":{"line":306,"column":8},"end":{"line":306,"column":9899}},"52":{"start":{"line":307,"column":12},"end":{"line":307,"column":9936}},"53":{"start":{"line":311,"column":12},"end":{"line":311,"column":73}},"54":{"start":{"line":314,"column":12},"end":{"line":314,"column":10196}},"55":{"start":{"line":326,"column":8},"end":{"line":326,"column":78}},"56":{"start":{"line":333,"column":8},"end":{"line":333,"column":25}},"57":{"start":{"line":335,"column":8},"end":{"line":335,"column":10848}},"58":{"start":{"line":336,"column":12},"end":{"line":336,"column":10921}},"59":{"start":{"line":340,"column":8},"end":{"line":340,"column":22}},"60":{"start":{"line":346,"column":8},"end":{"line":346,"column":48}},"61":{"start":{"line":352,"column":8},"end":{"line":352,"column":11342}},"62":{"start":{"line":353,"column":12},"end":{"line":353,"column":20}},"63":{"start":{"line":354,"column":15},"end":{"line":354,"column":11433}},"64":{"start":{"line":355,"column":12},"end":{"line":355,"column":35}},"65":{"start":{"line":356,"column":15},"end":{"line":356,"column":11515}},"66":{"start":{"line":357,"column":12},"end":{"line":357,"column":38}},"67":{"start":{"line":358,"column":15},"end":{"line":358,"column":11600}},"68":{"start":{"line":359,"column":12},"end":{"line":359,"column":39}},"69":{"start":{"line":360,"column":15},"end":{"line":360,"column":11686}},"70":{"start":{"line":361,"column":12},"end":{"line":361,"column":26}},"71":{"start":{"line":363,"column":12},"end":{"line":363,"column":53}},"72":{"start":{"line":368,"column":8},"end":{"line":368,"column":37}},"73":{"start":{"line":372,"column":8},"end":{"line":372,"column":47}},"74":{"start":{"line":373,"column":8},"end":{"line":373,"column":69}},"75":{"start":{"line":374,"column":8},"end":{"line":374,"column":49}},"76":{"start":{"line":378,"column":8},"end":{"line":378,"column":25}},"77":{"start":{"line":388,"column":8},"end":{"line":388,"column":55}},"78":{"start":{"line":389,"column":8},"end":{"line":389,"column":37}},"79":{"start":{"line":391,"column":8},"end":{"line":391,"column":73}},"80":{"start":{"line":392,"column":8},"end":{"line":392,"column":57}},"81":{"start":{"line":396,"column":8},"end":{"line":396,"column":60}},"82":{"start":{"line":397,"column":8},"end":{"line":397,"column":42}},"83":{"start":{"line":399,"column":8},"end":{"line":399,"column":73}},"84":{"start":{"line":400,"column":8},"end":{"line":400,"column":62}},"85":{"start":{"line":408,"column":8},"end":{"line":408,"column":29}}},"branchMap":{"1":{"line":81,"type":"if","locations":[{"start":{"line":81,"column":8},"end":{"line":81,"column":8}},{"start":{"line":81,"column":8},"end":{"line":81,"column":8}}]},"2":{"line":147,"type":"if","locations":[{"start":{"line":147,"column":8},"end":{"line":147,"column":8}},{"start":{"line":147,"column":8},"end":{"line":147,"column":8}}]},"3":{"line":148,"type":"if","locations":[{"start":{"line":148,"column":8},"end":{"line":148,"column":8}},{"start":{"line":148,"column":8},"end":{"line":148,"column":8}}]},"4":{"line":176,"type":"if","locations":[{"start":{"line":176,"column":8},"end":{"line":176,"column":8}},{"start":{"line":176,"column":8},"end":{"line":176,"column":8}}]},"5":{"line":177,"type":"if","locations":[{"start":{"line":177,"column":8},"end":{"line":177,"column":8}},{"start":{"line":177,"column":8},"end":{"line":177,"column":8}}]},"6":{"line":190,"type":"if","locations":[{"start":{"line":190,"column":51},"end":{"line":190,"column":51}},{"start":{"line":190,"column":51},"end":{"line":190,"column":51}}]},"7":{"line":193,"type":"if","locations":[{"start":{"line":193,"column":8},"end":{"line":193,"column":8}},{"start":{"line":193,"column":8},"end":{"line":193,"column":8}}]},"8":{"line":197,"type":"if","locations":[{"start":{"line":197,"column":8},"end":{"line":197,"column":8}},{"start":{"line":197,"column":8},"end":{"line":197,"column":8}}]},"9":{"line":198,"type":"if","locations":[{"start":{"line":198,"column":8},"end":{"line":198,"column":8}},{"start":{"line":198,"column":8},"end":{"line":198,"column":8}}]},"10":{"line":199,"type":"if","locations":[{"start":{"line":199,"column":8},"end":{"line":199,"column":8}},{"start":{"line":199,"column":8},"end":{"line":199,"column":8}}]},"11":{"line":225,"type":"if","locations":[{"start":{"line":225,"column":8},"end":{"line":225,"column":8}},{"start":{"line":225,"column":8},"end":{"line":225,"column":8}}]},"12":{"line":228,"type":"if","locations":[{"start":{"line":228,"column":12},"end":{"line":228,"column":12}},{"start":{"line":228,"column":12},"end":{"line":228,"column":12}}]},"13":{"line":307,"type":"if","locations":[{"start":{"line":307,"column":12},"end":{"line":307,"column":12}},{"start":{"line":307,"column":12},"end":{"line":307,"column":12}}]},"14":{"line":314,"type":"if","locations":[{"start":{"line":314,"column":12},"end":{"line":314,"column":12}},{"start":{"line":314,"column":12},"end":{"line":314,"column":12}}]},"15":{"line":336,"type":"if","locations":[{"start":{"line":336,"column":12},"end":{"line":336,"column":12}},{"start":{"line":336,"column":12},"end":{"line":336,"column":12}}]},"16":{"line":352,"type":"if","locations":[{"start":{"line":352,"column":8},"end":{"line":352,"column":8}},{"start":{"line":352,"column":8},"end":{"line":352,"column":8}}]},"17":{"line":352,"type":"cond-expr","locations":[{"start":{"line":352,"column":12},"end":{"line":352,"column":31}},{"start":{"line":352,"column":36},"end":{"line":352,"column":55}}]},"18":{"line":354,"type":"if","locations":[{"start":{"line":354,"column":15},"end":{"line":354,"column":15}},{"start":{"line":354,"column":15},"end":{"line":354,"column":15}}]},"19":{"line":356,"type":"if","locations":[{"start":{"line":356,"column":15},"end":{"line":356,"column":15}},{"start":{"line":356,"column":15},"end":{"line":356,"column":15}}]},"20":{"line":358,"type":"if","locations":[{"start":{"line":358,"column":15},"end":{"line":358,"column":15}},{"start":{"line":358,"column":15},"end":{"line":358,"column":15}}]},"21":{"line":360,"type":"if","locations":[{"start":{"line":360,"column":15},"end":{"line":360,"column":15}},{"start":{"line":360,"column":15},"end":{"line":360,"column":15}}]},"22":{"line":372,"type":"if","locations":[{"start":{"line":372,"column":8},"end":{"line":372,"column":8}},{"start":{"line":372,"column":8},"end":{"line":372,"column":8}}]},"23":{"line":374,"type":"if","locations":[{"start":{"line":374,"column":8},"end":{"line":374,"column":8}},{"start":{"line":374,"column":8},"end":{"line":374,"column":8}}]},"24":{"line":387,"type":"if","locations":[{"start":{"line":387,"column":51},"end":{"line":387,"column":51}},{"start":{"line":387,"column":51},"end":{"line":387,"column":51}}]},"25":{"line":388,"type":"if","locations":[{"start":{"line":388,"column":8},"end":{"line":388,"column":8}},{"start":{"line":388,"column":8},"end":{"line":388,"column":8}}]},"26":{"line":392,"type":"if","locations":[{"start":{"line":392,"column":8},"end":{"line":392,"column":8}},{"start":{"line":392,"column":8},"end":{"line":392,"column":8}}]},"27":{"line":395,"type":"if","locations":[{"start":{"line":395,"column":56},"end":{"line":395,"column":56}},{"start":{"line":395,"column":56},"end":{"line":395,"column":56}}]},"28":{"line":396,"type":"if","locations":[{"start":{"line":396,"column":8},"end":{"line":396,"column":8}},{"start":{"line":396,"column":8},"end":{"line":396,"column":8}}]},"29":{"line":400,"type":"if","locations":[{"start":{"line":400,"column":8},"end":{"line":400,"column":8}},{"start":{"line":400,"column":8},"end":{"line":400,"column":8}}]}}},
"contracts\\VRFCoordinatorV2_5Mock.sol":{"l":{"61":47,"62":47,"63":47,"64":47,"71":47,"82":47,"89":7,"93":7,"94":0,"96":7,"114":0,"129":0,"130":0,"131":0,"133":0,"135":0,"136":0,"137":0,"138":0,"141":0,"144":0,"145":0,"150":0,"152":0,"153":0,"155":0,"158":0,"160":0,"161":0,"163":0,"165":0,"167":0,"168":0,"184":0,"185":0,"186":0,"187":0,"188":0,"190":0,"191":0,"193":0,"194":0,"195":0,"197":0,"198":0,"209":0,"210":0,"212":0,"213":0,"214":0,"215":0,"224":7,"225":0,"227":7,"228":0,"229":7,"241":7,"242":7,"243":0,"246":7,"247":7,"249":7,"252":7,"259":7,"270":7,"286":0,"287":0,"289":0,"290":0,"291":0,"292":0,"293":0,"294":0,"295":0,"296":0,"299":0,"300":0,"310":0,"312":0,"313":0,"314":0,"316":0,"322":0},"path":"D:\\practice\\solidity\\Lottery\\contracts\\VRFCoordinatorV2_5Mock.sol","s":{"1":47,"2":47,"3":7,"4":7,"5":0,"6":0,"7":0,"8":0,"9":0,"10":0,"11":0,"12":0,"13":0,"14":0,"15":0,"16":0,"17":0,"18":0,"19":0,"20":0,"21":0,"22":0,"23":0,"24":0,"25":0,"26":0,"27":0,"28":0,"29":0,"30":7,"31":0,"32":7,"33":7,"34":7,"35":7,"36":7,"37":7,"38":7,"39":7,"40":7,"41":0,"42":0,"43":0,"44":0,"45":0,"46":0,"47":0,"48":0,"49":0,"50":0,"51":0,"52":0},"b":{"1":[47,0],"2":[0,7],"3":[0,0],"4":[0,0],"5":[0,0],"6":[0,0],"7":[0,0],"8":[0,0],"9":[0,0],"10":[0,0],"11":[0,0],"12":[0,7],"13":[0,7],"14":[7,0],"15":[7,0],"16":[0,7],"17":[0,0],"18":[0,0],"19":[0,0],"20":[0,0],"21":[0,0],"22":[0,0],"23":[0,0],"24":[0,0]},"f":{"1":47,"2":47,"3":7,"4":7,"5":0,"6":0,"7":0,"8":0,"9":7,"10":7,"11":0,"12":0,"13":0},"fnMap":{"1":{"name":"constructor","line":60,"loc":{"start":{"line":56,"column":4},"end":{"line":65,"column":4}}},"2":{"name":"setConfig","line":70,"loc":{"start":{"line":70,"column":4},"end":{"line":83,"column":4}}},"3":{"name":"consumerIsAdded","line":85,"loc":{"start":{"line":85,"column":4},"end":{"line":90,"column":4}}},"4":{"name":"onlyValidConsumer","line":92,"loc":{"start":{"line":92,"column":4},"end":{"line":97,"column":4}}},"5":{"name":"fulfillRandomWords","line":113,"loc":{"start":{"line":110,"column":4},"end":{"line":115,"column":4}}},"6":{"name":"fulfillRandomWordsWithOverride","line":124,"loc":{"start":{"line":124,"column":4},"end":{"line":177,"column":4}}},"7":{"name":"_chargePayment","line":179,"loc":{"start":{"line":179,"column":4},"end":{"line":200,"column":4}}},"8":{"name":"fundSubscription","line":208,"loc":{"start":{"line":208,"column":4},"end":{"line":216,"column":4}}},"9":{"name":"_fromBytes","line":221,"loc":{"start":{"line":221,"column":4},"end":{"line":230,"column":4}}},"10":{"name":"requestRandomWords","line":238,"loc":{"start":{"line":232,"column":4},"end":{"line":271,"column":4}}},"11":{"name":"removeConsumer","line":284,"loc":{"start":{"line":276,"column":4},"end":{"line":301,"column":4}}},"12":{"name":"cancelSubscription","line":309,"loc":{"start":{"line":306,"column":4},"end":{"line":317,"column":4}}},"13":{"name":"pendingRequestExists","line":319,"loc":{"start":{"line":319,"column":4},"end":{"line":323,"column":4}}}},"statementMap":{"1":{"start":{"line":64,"column":8},"end":{"line":64,"column":18}},"2":{"start":{"line":82,"column":8},"end":{"line":82,"column":24}},"3":{"start":{"line":89,"column":8},"end":{"line":89,"column":52}},"4":{"start":{"line":93,"column":8},"end":{"line":93,"column":2924}},"5":{"start":{"line":114,"column":8},"end":{"line":114,"column":78}},"6":{"start":{"line":129,"column":8},"end":{"line":129,"column":36}},"7":{"start":{"line":130,"column":8},"end":{"line":130,"column":4310}},"8":{"start":{"line":133,"column":8},"end":{"line":133,"column":51}},"9":{"start":{"line":135,"column":8},"end":{"line":135,"column":4460}},"10":{"start":{"line":137,"column":12},"end":{"line":137,"column":4552}},"11":{"start":{"line":140,"column":15},"end":{"line":140,"column":4697}},"12":{"start":{"line":144,"column":8},"end":{"line":144,"column":31}},"13":{"start":{"line":145,"column":8},"end":{"line":145,"column":4828}},"14":{"start":{"line":152,"column":8},"end":{"line":152,"column":77}},"15":{"start":{"line":155,"column":8},"end":{"line":155,"column":5223}},"16":{"start":{"line":158,"column":8},"end":{"line":158,"column":5355}},"17":{"start":{"line":160,"column":8},"end":{"line":160,"column":5407}},"18":{"start":{"line":163,"column":8},"end":{"line":163,"column":43}},"19":{"start":{"line":165,"column":8},"end":{"line":165,"column":56}},"20":{"start":{"line":168,"column":8},"end":{"line":168,"column":5672}},"21":{"start":{"line":184,"column":8},"end":{"line":184,"column":65}},"22":{"start":{"line":185,"column":8},"end":{"line":185,"column":6069}},"23":{"start":{"line":186,"column":12},"end":{"line":186,"column":54}},"24":{"start":{"line":187,"column":12},"end":{"line":187,"column":6162}},"25":{"start":{"line":193,"column":12},"end":{"line":193,"column":48}},"26":{"start":{"line":194,"column":12},"end":{"line":194,"column":6430}},"27":{"start":{"line":209,"column":8},"end":{"line":209,"column":6916}},"28":{"start":{"line":212,"column":8},"end":{"line":212,"column":60}},"29":{"start":{"line":215,"column":8},"end":{"line":215,"column":73}},"30":{"start":{"line":224,"column":8},"end":{"line":224,"column":7545}},"31":{"start":{"line":225,"column":12},"end":{"line":225,"column":70}},"32":{"start":{"line":227,"column":8},"end":{"line":227,"column":7696}},"33":{"start":{"line":229,"column":8},"end":{"line":229,"column":71}},"34":{"start":{"line":241,"column":8},"end":{"line":241,"column":34}},"35":{"start":{"line":242,"column":8},"end":{"line":242,"column":8123}},"36":{"start":{"line":246,"column":8},"end":{"line":246,"column":45}},"37":{"start":{"line":247,"column":8},"end":{"line":247,"column":41}},"38":{"start":{"line":249,"column":8},"end":{"line":249,"column":8332}},"39":{"start":{"line":259,"column":8},"end":{"line":259,"column":8664}},"40":{"start":{"line":270,"column":8},"end":{"line":270,"column":24}},"41":{"start":{"line":286,"column":8},"end":{"line":286,"column":9266}},"42":{"start":{"line":289,"column":8},"end":{"line":289,"column":76}},"43":{"start":{"line":290,"column":8},"end":{"line":290,"column":56}},"44":{"start":{"line":291,"column":8},"end":{"line":291,"column":9521}},"45":{"start":{"line":292,"column":12},"end":{"line":292,"column":9586}},"46":{"start":{"line":293,"column":16},"end":{"line":293,"column":59}},"47":{"start":{"line":295,"column":16},"end":{"line":295,"column":60}},"48":{"start":{"line":300,"column":8},"end":{"line":300,"column":59}},"49":{"start":{"line":310,"column":8},"end":{"line":310,"column":76}},"50":{"start":{"line":312,"column":8},"end":{"line":312,"column":70}},"51":{"start":{"line":313,"column":8},"end":{"line":313,"column":10330}},"52":{"start":{"line":316,"column":8},"end":{"line":316,"column":70}}},"branchMap":{"1":{"line":70,"type":"if","locations":[{"start":{"line":70,"column":32},"end":{"line":70,"column":32}},{"start":{"line":70,"column":32},"end":{"line":70,"column":32}}]},"2":{"line":93,"type":"if","locations":[{"start":{"line":93,"column":8},"end":{"line":93,"column":8}},{"start":{"line":93,"column":8},"end":{"line":93,"column":8}}]},"3":{"line":113,"type":"if","locations":[{"start":{"line":113,"column":15},"end":{"line":113,"column":15}},{"start":{"line":113,"column":15},"end":{"line":113,"column":15}}]},"4":{"line":130,"type":"if","locations":[{"start":{"line":130,"column":8},"end":{"line":130,"column":8}},{"start":{"line":130,"column":8},"end":{"line":130,"column":8}}]},"5":{"line":135,"type":"if","locations":[{"start":{"line":135,"column":8},"end":{"line":135,"column":8}},{"start":{"line":135,"column":8},"end":{"line":135,"column":8}}]},"6":{"line":140,"type":"if","locations":[{"start":{"line":140,"column":15},"end":{"line":140,"column":15}},{"start":{"line":140,"column":15},"end":{"line":140,"column":15}}]},"7":{"line":160,"type":"if","locations":[{"start":{"line":160,"column":8},"end":{"line":160,"column":8}},{"start":{"line":160,"column":8},"end":{"line":160,"column":8}}]},"8":{"line":185,"type":"if","locations":[{"start":{"line":185,"column":8},"end":{"line":185,"column":8}},{"start":{"line":185,"column":8},"end":{"line":185,"column":8}}]},"9":{"line":187,"type":"if","locations":[{"start":{"line":187,"column":12},"end":{"line":187,"column":12}},{"start":{"line":187,"column":12},"end":{"line":187,"column":12}}]},"10":{"line":194,"type":"if","locations":[{"start":{"line":194,"column":12},"end":{"line":194,"column":12}},{"start":{"line":194,"column":12},"end":{"line":194,"column":12}}]},"11":{"line":209,"type":"if","locations":[{"start":{"line":209,"column":8},"end":{"line":209,"column":8}},{"start":{"line":209,"column":8},"end":{"line":209,"column":8}}]},"12":{"line":224,"type":"if","locations":[{"start":{"line":224,"column":8},"end":{"line":224,"column":8}},{"start":{"line":224,"column":8},"end":{"line":224,"column":8}}]},"13":{"line":227,"type":"if","locations":[{"start":{"line":227,"column":8},"end":{"line":227,"column":8}},{"start":{"line":227,"column":8},"end":{"line":227,"column":8}}]},"14":{"line":237,"type":"if","locations":[{"start":{"line":237,"column":8},"end":{"line":237,"column":8}},{"start":{"line":237,"column":8},"end":{"line":237,"column":8}}]},"15":{"line":238,"type":"if","locations":[{"start":{"line":238,"column":8},"end":{"line":238,"column":8}},{"start":{"line":238,"column":8},"end":{"line":238,"column":8}}]},"16":{"line":242,"type":"if","locations":[{"start":{"line":242,"column":8},"end":{"line":242,"column":8}},{"start":{"line":242,"column":8},"end":{"line":242,"column":8}}]},"17":{"line":282,"type":"if","locations":[{"start":{"line":282,"column":8},"end":{"line":282,"column":8}},{"start":{"line":282,"column":8},"end":{"line":282,"column":8}}]},"18":{"line":283,"type":"if","locations":[{"start":{"line":283,"column":8},"end":{"line":283,"column":8}},{"start":{"line":283,"column":8},"end":{"line":283,"column":8}}]},"19":{"line":284,"type":"if","locations":[{"start":{"line":284,"column":8},"end":{"line":284,"column":8}},{"start":{"line":284,"column":8},"end":{"line":284,"column":8}}]},"20":{"line":286,"type":"if","locations":[{"start":{"line":286,"column":8},"end":{"line":286,"column":8}},{"start":{"line":286,"column":8},"end":{"line":286,"column":8}}]},"21":{"line":292,"type":"if","locations":[{"start":{"line":292,"column":12},"end":{"line":292,"column":12}},{"start":{"line":292,"column":12},"end":{"line":292,"column":12}}]},"22":{"line":309,"type":"if","locations":[{"start":{"line":309,"column":24},"end":{"line":309,"column":24}},{"start":{"line":309,"column":24},"end":{"line":309,"column":24}}]},"23":{"line":309,"type":"if","locations":[{"start":{"line":309,"column":45},"end":{"line":309,"column":45}},{"start":{"line":309,"column":45},"end":{"line":309,"column":45}}]},"24":{"line":313,"type":"if","locations":[{"start":{"line":313,"column":8},"end":{"line":313,"column":8}},{"start":{"line":313,"column":8},"end":{"line":313,"column":8}}]}}}}
