TN:
SF:D:\practice\solidity\Lottery\contract\contracts\Lottery.sol
FN:96,_onlyOwner
FN:103,constructor
FN:109,buyTicket
FN:140,submitCombination
FN:176,claimReward
FN:212,_requestRandomNumber
FN:230,fulfillRandomWords
FN:253,_generateWinningCombination
FN:280,_checkWinningCombination
FN:302,_calculateReward
FN:319,_sendReward
FN:325,distribute
FN:333,getContractOwner
FN:337,getJackpot
FN:344,getAllTickets
FN:355,getTicketById
FN:363,getPlayerTickets
FN:372,fundJackpot
FN:377,withdrawOwnerBalance
FN:386,withdrawOperationsBalance
FN:395,withdrawJackpot
FN:408,
FNF:22
FNH:0
FNDA:0,_onlyOwner
FNDA:0,constructor
FNDA:0,buyTicket
FNDA:0,submitCombination
FNDA:0,claimReward
FNDA:0,_requestRandomNumber
FNDA:0,fulfillRandomWords
FNDA:0,_generateWinningCombination
FNDA:0,_checkWinningCombination
FNDA:0,_calculateReward
FNDA:0,_sendReward
FNDA:0,distribute
FNDA:0,getContractOwner
FNDA:0,getJackpot
FNDA:0,getAllTickets
FNDA:0,getTicketById
FNDA:0,getPlayerTickets
FNDA:0,fundJackpot
FNDA:0,withdrawOwnerBalance
FNDA:0,withdrawOperationsBalance
FNDA:0,withdrawJackpot
FNDA:0,
DA:97,0
DA:98,0
DA:104,0
DA:105,0
DA:110,0
DA:111,0
DA:113,0
DA:128,0
DA:129,0
DA:130,0
DA:132,0
DA:134,0
DA:136,0
DA:137,0
DA:144,0
DA:146,0
DA:147,0
DA:152,0
DA:153,0
DA:157,0
DA:158,0
DA:165,0
DA:166,0
DA:168,0
DA:170,0
DA:171,0
DA:173,0
DA:177,0
DA:179,0
DA:180,0
DA:181,0
DA:182,0
DA:183,0
DA:185,0
DA:190,0
DA:195,0
DA:196,0
DA:198,0
DA:201,0
DA:203,0
DA:204,0
DA:206,0
DA:208,0
DA:213,0
DA:226,0
DA:227,0
DA:234,0
DA:235,0
DA:237,0
DA:239,0
DA:241,0
DA:243,0
DA:244,0
DA:248,0
DA:250,0
DA:256,0
DA:257,0
DA:258,0
DA:259,0
DA:260,0
DA:262,0
DA:263,0
DA:264,0
DA:265,0
DA:267,0
DA:268,0
DA:270,0
DA:271,0
DA:272,0
DA:273,0
DA:277,0
DA:284,0
DA:285,0
DA:287,0
DA:288,0
DA:289,0
DA:292,0
DA:293,0
DA:294,0
DA:299,0
DA:305,0
DA:307,0
DA:316,0
DA:320,0
DA:321,0
DA:322,0
DA:326,0
DA:327,0
DA:328,0
DA:329,0
DA:334,0
DA:338,0
DA:347,0
DA:348,0
DA:349,0
DA:350,0
DA:352,0
DA:358,0
DA:359,0
DA:360,0
DA:364,0
DA:365,0
DA:366,0
DA:367,0
DA:369,0
DA:373,0
DA:374,0
DA:378,0
DA:379,0
DA:380,0
DA:381,0
DA:382,0
DA:383,0
DA:387,0
DA:388,0
DA:389,0
DA:390,0
DA:391,0
DA:392,0
DA:396,0
DA:397,0
DA:398,0
DA:399,0
DA:400,0
DA:401,0
DA:405,0
DA:409,0
LF:127
LH:0
BRDA:97,1,0,0
BRDA:97,1,1,0
BRDA:110,2,0,0
BRDA:110,2,1,0
BRDA:111,3,0,0
BRDA:111,3,1,0
BRDA:146,4,0,0
BRDA:146,4,1,0
BRDA:147,5,0,0
BRDA:147,5,1,0
BRDA:153,6,0,0
BRDA:153,6,1,0
BRDA:158,7,0,0
BRDA:158,7,1,0
BRDA:170,8,0,0
BRDA:170,8,1,0
BRDA:176,9,0,0
BRDA:176,9,1,0
BRDA:179,10,0,0
BRDA:179,10,1,0
BRDA:180,11,0,0
BRDA:180,11,1,0
BRDA:181,12,0,0
BRDA:181,12,1,0
BRDA:182,13,0,0
BRDA:182,13,1,0
BRDA:183,14,0,0
BRDA:183,14,1,0
BRDA:190,15,0,0
BRDA:190,15,1,0
BRDA:196,16,0,0
BRDA:196,16,1,0
BRDA:199,17,0,0
BRDA:199,17,1,0
BRDA:201,18,0,0
BRDA:201,18,1,0
BRDA:237,19,0,0
BRDA:237,19,1,0
BRDA:263,20,0,0
BRDA:263,20,1,0
BRDA:270,21,0,0
BRDA:270,21,1,0
BRDA:289,22,0,0
BRDA:289,22,1,0
BRDA:305,23,0,0
BRDA:305,23,1,0
BRDA:320,24,0,0
BRDA:320,24,1,0
BRDA:322,25,0,0
BRDA:322,25,1,0
BRDA:344,26,0,0
BRDA:344,26,1,0
BRDA:359,27,0,0
BRDA:359,27,1,0
BRDA:377,28,0,0
BRDA:377,28,1,0
BRDA:378,29,0,0
BRDA:378,29,1,0
BRDA:382,30,0,0
BRDA:382,30,1,0
BRDA:386,31,0,0
BRDA:386,31,1,0
BRDA:387,32,0,0
BRDA:387,32,1,0
BRDA:391,33,0,0
BRDA:391,33,1,0
BRDA:395,34,0,0
BRDA:395,34,1,0
BRDA:396,35,0,0
BRDA:396,35,1,0
BRDA:400,36,0,0
BRDA:400,36,1,0
BRF:72
BRH:0
end_of_record
TN:
SF:D:\practice\solidity\Lottery\contract\contracts\LotteryTest.sol
FN:93,_onlyOwner
FN:101,constructor
FN:107,getContractOwner
FN:111,getJackpot
FN:115,getOperationsBalance
FN:119,getOwnerBalance
FN:123,getTestTicket
FN:127,getPlayerTickets
FN:136,assignTestTicket
FN:160,buyTicket
FN:191,submitCombination
FN:227,claimReward
FN:262,test_requestRandomNumber
FN:268,_requestRandomNumber
FN:287,test_fulfillRandomWords
FN:294,test_setWinningCombination
FN:302,fulfillRandomWords
FN:325,getWinningCombination
FN:329,test_generateWinningCombination
FN:335,_generateWinningCombination
FN:362,test_checkWinningCombination
FN:369,_checkWinningCombination
FN:391,test_calculateReward
FN:397,_calculateReward
FN:414,test_sendReward
FN:418,_sendReward
FN:427,getAllTickets
FN:438,getTicketById
FN:446,fundJackpot
FN:451,testDistribute
FN:455,distribute
FN:462,withdrawOwnerBalance
FN:471,withdrawOperationsBalance
FN:480,withdrawJackpot
FN:493,
FNF:35
FNH:32
FNDA:12,_onlyOwner
FNDA:58,constructor
FNDA:1,getContractOwner
FNDA:12,getJackpot
FNDA:4,getOperationsBalance
FNDA:4,getOwnerBalance
FNDA:0,getTestTicket
FNDA:13,getPlayerTickets
FNDA:6,assignTestTicket
FNDA:12,buyTicket
FNDA:13,submitCombination
FNDA:7,claimReward
FNDA:2,test_requestRandomNumber
FNDA:10,_requestRandomNumber
FNDA:1,test_fulfillRandomWords
FNDA:5,test_setWinningCombination
FNDA:1,fulfillRandomWords
FNDA:0,getWinningCombination
FNDA:1,test_generateWinningCombination
FNDA:2,_generateWinningCombination
FNDA:16,test_checkWinningCombination
FNDA:21,_checkWinningCombination
FNDA:7,test_calculateReward
FNDA:12,_calculateReward
FNDA:2,test_sendReward
FNDA:5,_sendReward
FNDA:2,getAllTickets
FNDA:9,getTicketById
FNDA:1,fundJackpot
FNDA:0,testDistribute
FNDA:30,distribute
FNDA:2,withdrawOwnerBalance
FNDA:2,withdrawOperationsBalance
FNDA:2,withdrawJackpot
FNDA:1,
DA:94,12
DA:95,8
DA:102,58
DA:103,58
DA:104,58
DA:108,1
DA:112,12
DA:116,4
DA:120,4
DA:124,0
DA:128,13
DA:129,13
DA:130,13
DA:131,13
DA:133,13
DA:137,6
DA:138,6
DA:140,6
DA:155,6
DA:156,6
DA:157,6
DA:161,12
DA:162,12
DA:164,11
DA:179,11
DA:180,11
DA:181,11
DA:183,11
DA:185,11
DA:187,11
DA:188,11
DA:195,13
DA:197,13
DA:198,12
DA:203,10
DA:204,46
DA:208,45
DA:209,94
DA:216,8
DA:217,8
DA:219,8
DA:221,8
DA:222,8
DA:224,8
DA:228,7
DA:230,7
DA:231,6
DA:232,6
DA:233,5
DA:234,5
DA:236,4
DA:246,4
DA:247,4
DA:249,3
DA:252,3
DA:254,3
DA:255,3
DA:257,3
DA:259,3
DA:265,2
DA:269,10
DA:282,10
DA:283,10
DA:284,10
DA:291,1
DA:298,5
DA:299,5
DA:306,1
DA:307,1
DA:309,1
DA:311,1
DA:313,1
DA:315,1
DA:316,1
DA:320,1
DA:322,1
DA:326,0
DA:332,1
DA:338,2
DA:339,2
DA:340,2
DA:341,2
DA:342,2
DA:344,2
DA:345,12
DA:346,0
DA:347,0
DA:349,12
DA:350,12
DA:352,12
DA:353,10
DA:354,10
DA:355,10
DA:359,2
DA:366,16
DA:373,21
DA:374,21
DA:376,21
DA:377,105
DA:378,411
DA:381,49
DA:382,49
DA:383,49
DA:388,21
DA:394,7
DA:400,12
DA:402,11
DA:411,11
DA:415,2
DA:419,5
DA:420,4
DA:421,4
DA:430,2
DA:431,2
DA:432,2
DA:433,1
DA:435,2
DA:441,9
DA:442,9
DA:443,8
DA:447,1
DA:448,1
DA:452,0
DA:456,30
DA:457,30
DA:458,30
DA:459,30
DA:463,2
DA:464,1
DA:465,1
DA:466,1
DA:467,1
DA:468,1
DA:472,2
DA:473,1
DA:474,1
DA:475,1
DA:476,1
DA:477,1
DA:481,2
DA:482,1
DA:483,1
DA:484,1
DA:485,1
DA:486,1
DA:490,19
DA:494,1
LF:147
LH:142
BRDA:94,1,0,8
BRDA:94,1,1,4
BRDA:161,2,0,12
BRDA:161,2,1,0
BRDA:162,3,0,11
BRDA:162,3,1,1
BRDA:197,4,0,12
BRDA:197,4,1,1
BRDA:198,5,0,10
BRDA:198,5,1,2
BRDA:204,6,0,45
BRDA:204,6,1,1
BRDA:209,7,0,93
BRDA:209,7,1,1
BRDA:221,8,0,8
BRDA:221,8,1,0
BRDA:227,9,0,7
BRDA:227,9,1,0
BRDA:230,10,0,6
BRDA:230,10,1,1
BRDA:231,11,0,6
BRDA:231,11,1,0
BRDA:232,12,0,5
BRDA:232,12,1,1
BRDA:233,13,0,5
BRDA:233,13,1,0
BRDA:234,14,0,4
BRDA:234,14,1,1
BRDA:247,15,0,3
BRDA:247,15,1,1
BRDA:250,16,0,1
BRDA:250,16,1,2
BRDA:252,17,0,3
BRDA:252,17,1,0
BRDA:309,18,0,1
BRDA:309,18,1,0
BRDA:345,19,0,0
BRDA:345,19,1,12
BRDA:352,20,0,10
BRDA:352,20,1,2
BRDA:378,21,0,49
BRDA:378,21,1,362
BRDA:400,22,0,11
BRDA:400,22,1,1
BRDA:419,23,0,4
BRDA:419,23,1,1
BRDA:421,24,0,4
BRDA:421,24,1,0
BRDA:427,25,0,2
BRDA:427,25,1,1
BRDA:442,26,0,8
BRDA:442,26,1,1
BRDA:462,27,0,2
BRDA:462,27,1,1
BRDA:463,28,0,1
BRDA:463,28,1,1
BRDA:467,29,0,1
BRDA:467,29,1,0
BRDA:471,30,0,2
BRDA:471,30,1,1
BRDA:472,31,0,1
BRDA:472,31,1,1
BRDA:476,32,0,1
BRDA:476,32,1,0
BRDA:480,33,0,2
BRDA:480,33,1,1
BRDA:481,34,0,1
BRDA:481,34,1,1
BRDA:485,35,0,1
BRDA:485,35,1,0
BRF:70
BRH:58
end_of_record
TN:
SF:D:\practice\solidity\Lottery\contract\contracts\VRFCoordinatorV2_5Mock.sol
FN:60,constructor
FN:70,setConfig
FN:85,consumerIsAdded
FN:92,onlyValidConsumer
FN:113,fulfillRandomWords
FN:124,fulfillRandomWordsWithOverride
FN:179,_chargePayment
FN:208,fundSubscription
FN:221,_fromBytes
FN:238,requestRandomWords
FN:284,removeConsumer
FN:309,cancelSubscription
FN:319,pendingRequestExists
FNF:13
FNH:6
FNDA:58,constructor
FNDA:58,setConfig
FNDA:10,consumerIsAdded
FNDA:10,onlyValidConsumer
FNDA:0,fulfillRandomWords
FNDA:0,fulfillRandomWordsWithOverride
FNDA:0,_chargePayment
FNDA:0,fundSubscription
FNDA:10,_fromBytes
FNDA:10,requestRandomWords
FNDA:0,removeConsumer
FNDA:0,cancelSubscription
FNDA:0,pendingRequestExists
DA:61,58
DA:62,58
DA:63,58
DA:64,58
DA:71,58
DA:82,58
DA:89,10
DA:93,10
DA:94,0
DA:96,10
DA:114,0
DA:129,0
DA:130,0
DA:131,0
DA:133,0
DA:135,0
DA:136,0
DA:137,0
DA:138,0
DA:141,0
DA:144,0
DA:145,0
DA:150,0
DA:152,0
DA:153,0
DA:155,0
DA:158,0
DA:160,0
DA:161,0
DA:163,0
DA:165,0
DA:167,0
DA:168,0
DA:184,0
DA:185,0
DA:186,0
DA:187,0
DA:188,0
DA:190,0
DA:191,0
DA:193,0
DA:194,0
DA:195,0
DA:197,0
DA:198,0
DA:209,0
DA:210,0
DA:212,0
DA:213,0
DA:214,0
DA:215,0
DA:224,10
DA:225,0
DA:227,10
DA:228,0
DA:229,10
DA:241,10
DA:242,10
DA:243,0
DA:246,10
DA:247,10
DA:249,10
DA:252,10
DA:259,10
DA:270,10
DA:286,0
DA:287,0
DA:289,0
DA:290,0
DA:291,0
DA:292,0
DA:293,0
DA:294,0
DA:295,0
DA:296,0
DA:299,0
DA:300,0
DA:310,0
DA:312,0
DA:313,0
DA:314,0
DA:316,0
DA:322,0
LF:83
LH:20
BRDA:70,1,0,58
BRDA:70,1,1,0
BRDA:93,2,0,0
BRDA:93,2,1,10
BRDA:113,3,0,0
BRDA:113,3,1,0
BRDA:130,4,0,0
BRDA:130,4,1,0
BRDA:135,5,0,0
BRDA:135,5,1,0
BRDA:140,6,0,0
BRDA:140,6,1,0
BRDA:160,7,0,0
BRDA:160,7,1,0
BRDA:185,8,0,0
BRDA:185,8,1,0
BRDA:187,9,0,0
BRDA:187,9,1,0
BRDA:194,10,0,0
BRDA:194,10,1,0
BRDA:209,11,0,0
BRDA:209,11,1,0
BRDA:224,12,0,0
BRDA:224,12,1,10
BRDA:227,13,0,0
BRDA:227,13,1,10
BRDA:237,14,0,10
BRDA:237,14,1,0
BRDA:238,15,0,10
BRDA:238,15,1,0
BRDA:242,16,0,0
BRDA:242,16,1,10
BRDA:282,17,0,0
BRDA:282,17,1,0
BRDA:283,18,0,0
BRDA:283,18,1,0
BRDA:284,19,0,0
BRDA:284,19,1,0
BRDA:286,20,0,0
BRDA:286,20,1,0
BRDA:292,21,0,0
BRDA:292,21,1,0
BRDA:309,22,0,0
BRDA:309,22,1,0
BRDA:309,23,0,0
BRDA:309,23,1,0
BRDA:313,24,0,0
BRDA:313,24,1,0
BRF:48
BRH:7
end_of_record
