TN:
SF:D:\practice\solidity\Lottery\contract\contracts\Lottery.sol
FN:87,_onlyOwner
FN:94,constructor
FN:100,buyTicket
FN:123,submitCombination
FN:156,previewResults
FN:188,claimReward
FN:221,_requestRandomNumber
FN:239,fulfillRandomWords
FN:254,_generateWinningCombination
FN:281,_checkWinningCombination
FN:303,_calculateReward
FN:323,_sendReward
FN:329,distribute
FN:337,getContractOwner
FN:341,getJackpot
FN:345,getPlayerTickets
FN:349,withdrawOwnerBalance
FN:358,withdrawOperationsBalance
FN:371,
FNF:19
FNH:0
FNDA:0,_onlyOwner
FNDA:0,constructor
FNDA:0,buyTicket
FNDA:0,submitCombination
FNDA:0,previewResults
FNDA:0,claimReward
FNDA:0,_requestRandomNumber
FNDA:0,fulfillRandomWords
FNDA:0,_generateWinningCombination
FNDA:0,_checkWinningCombination
FNDA:0,_calculateReward
FNDA:0,_sendReward
FNDA:0,distribute
FNDA:0,getContractOwner
FNDA:0,getJackpot
FNDA:0,getPlayerTickets
FNDA:0,withdrawOwnerBalance
FNDA:0,withdrawOperationsBalance
FNDA:0,
DA:88,0
DA:89,0
DA:95,0
DA:96,0
DA:101,0
DA:102,0
DA:104,0
DA:115,0
DA:116,0
DA:118,0
DA:120,0
DA:127,0
DA:129,0
DA:130,0
DA:135,0
DA:136,0
DA:140,0
DA:141,0
DA:148,0
DA:149,0
DA:151,0
DA:153,0
DA:168,0
DA:170,0
DA:171,0
DA:172,0
DA:173,0
DA:178,0
DA:183,0
DA:184,0
DA:185,0
DA:189,0
DA:191,0
DA:192,0
DA:193,0
DA:194,0
DA:195,0
DA:197,0
DA:202,0
DA:203,0
DA:205,0
DA:206,0
DA:207,0
DA:209,0
DA:210,0
DA:213,0
DA:215,0
DA:217,0
DA:222,0
DA:235,0
DA:236,0
DA:243,0
DA:244,0
DA:246,0
DA:249,0
DA:251,0
DA:257,0
DA:258,0
DA:259,0
DA:260,0
DA:261,0
DA:263,0
DA:264,0
DA:265,0
DA:266,0
DA:268,0
DA:269,0
DA:271,0
DA:272,0
DA:273,0
DA:274,0
DA:278,0
DA:285,0
DA:286,0
DA:288,0
DA:289,0
DA:290,0
DA:293,0
DA:294,0
DA:295,0
DA:300,0
DA:306,0
DA:308,0
DA:309,0
DA:311,0
DA:313,0
DA:315,0
DA:317,0
DA:319,0
DA:324,0
DA:325,0
DA:326,0
DA:330,0
DA:331,0
DA:332,0
DA:333,0
DA:338,0
DA:342,0
DA:346,0
DA:350,0
DA:351,0
DA:352,0
DA:353,0
DA:354,0
DA:355,0
DA:359,0
DA:360,0
DA:361,0
DA:362,0
DA:363,0
DA:364,0
DA:368,0
DA:372,0
LF:113
LH:0
BRDA:88,1,0,0
BRDA:88,1,1,0
BRDA:101,2,0,0
BRDA:101,2,1,0
BRDA:102,3,0,0
BRDA:102,3,1,0
BRDA:129,4,0,0
BRDA:129,4,1,0
BRDA:130,5,0,0
BRDA:130,5,1,0
BRDA:136,6,0,0
BRDA:136,6,1,0
BRDA:141,7,0,0
BRDA:141,7,1,0
BRDA:170,8,0,0
BRDA:170,8,1,0
BRDA:171,9,0,0
BRDA:171,9,1,0
BRDA:172,10,0,0
BRDA:172,10,1,0
BRDA:173,11,0,0
BRDA:173,11,1,0
BRDA:188,12,0,0
BRDA:188,12,1,0
BRDA:191,13,0,0
BRDA:191,13,1,0
BRDA:192,14,0,0
BRDA:192,14,1,0
BRDA:193,15,0,0
BRDA:193,15,1,0
BRDA:194,16,0,0
BRDA:194,16,1,0
BRDA:195,17,0,0
BRDA:195,17,1,0
BRDA:203,18,0,0
BRDA:203,18,1,0
BRDA:206,19,0,0
BRDA:206,19,1,0
BRDA:264,20,0,0
BRDA:264,20,1,0
BRDA:271,21,0,0
BRDA:271,21,1,0
BRDA:290,22,0,0
BRDA:290,22,1,0
BRDA:306,23,0,0
BRDA:306,23,1,0
BRDA:308,24,0,0
BRDA:308,24,1,0
BRDA:310,25,0,0
BRDA:310,25,1,0
BRDA:312,26,0,0
BRDA:312,26,1,0
BRDA:314,27,0,0
BRDA:314,27,1,0
BRDA:316,28,0,0
BRDA:316,28,1,0
BRDA:324,29,0,0
BRDA:324,29,1,0
BRDA:326,30,0,0
BRDA:326,30,1,0
BRDA:349,31,0,0
BRDA:349,31,1,0
BRDA:350,32,0,0
BRDA:350,32,1,0
BRDA:354,33,0,0
BRDA:354,33,1,0
BRDA:358,34,0,0
BRDA:358,34,1,0
BRDA:359,35,0,0
BRDA:359,35,1,0
BRDA:363,36,0,0
BRDA:363,36,1,0
BRF:72
BRH:0
end_of_record
TN:
SF:D:\practice\solidity\Lottery\contract\contracts\LotteryTest.sol
FN:85,_onlyOwner
FN:93,constructor
FN:99,getContractOwner
FN:103,getJackpot
FN:107,getOperationsBalance
FN:111,getOwnerBalance
FN:115,getTestTicket
FN:119,getTicketById
FN:125,getPlayerTickets
FN:129,assignTestTicket
FN:152,buyTicket
FN:175,submitCombination
FN:208,previewResults
FN:240,claimReward
FN:272,test_requestRandomNumber
FN:278,_requestRandomNumber
FN:297,test_fulfillRandomWords
FN:304,test_setWinningCombination
FN:312,fulfillRandomWords
FN:327,getWinningCombination
FN:331,test_generateWinningCombination
FN:337,_generateWinningCombination
FN:364,test_checkWinningCombination
FN:371,_checkWinningCombination
FN:393,test_calculateReward
FN:399,_calculateReward
FN:419,test_sendReward
FN:423,_sendReward
FN:429,testDistribute
FN:433,distribute
FN:440,withdrawOwnerBalance
FN:449,withdrawOperationsBalance
FN:462,
FNF:33
FNH:30
FNDA:6,_onlyOwner
FNDA:52,constructor
FNDA:1,getContractOwner
FNDA:9,getJackpot
FNDA:4,getOperationsBalance
FNDA:4,getOwnerBalance
FNDA:0,getTestTicket
FNDA:6,getTicketById
FNDA:18,getPlayerTickets
FNDA:10,assignTestTicket
FNDA:7,buyTicket
FNDA:15,submitCombination
FNDA:3,previewResults
FNDA:5,claimReward
FNDA:2,test_requestRandomNumber
FNDA:12,_requestRandomNumber
FNDA:1,test_fulfillRandomWords
FNDA:4,test_setWinningCombination
FNDA:1,fulfillRandomWords
FNDA:0,getWinningCombination
FNDA:1,test_generateWinningCombination
FNDA:2,_generateWinningCombination
FNDA:16,test_checkWinningCombination
FNDA:20,_checkWinningCombination
FNDA:7,test_calculateReward
FNDA:11,_calculateReward
FNDA:2,test_sendReward
FNDA:4,_sendReward
FNDA:0,testDistribute
FNDA:18,distribute
FNDA:2,withdrawOwnerBalance
FNDA:2,withdrawOperationsBalance
FNDA:1,
DA:86,6
DA:87,4
DA:94,52
DA:95,52
DA:96,52
DA:100,1
DA:104,9
DA:108,4
DA:112,4
DA:116,0
DA:122,6
DA:126,18
DA:130,10
DA:131,10
DA:133,10
DA:144,10
DA:146,10
DA:147,10
DA:149,10
DA:153,7
DA:154,7
DA:156,6
DA:167,6
DA:168,6
DA:170,6
DA:172,6
DA:179,15
DA:181,15
DA:182,14
DA:187,12
DA:188,56
DA:192,55
DA:193,114
DA:200,10
DA:201,10
DA:203,10
DA:205,10
DA:220,3
DA:222,3
DA:223,3
DA:224,3
DA:225,2
DA:230,1
DA:235,1
DA:236,1
DA:237,1
DA:241,5
DA:243,5
DA:244,4
DA:245,4
DA:246,4
DA:247,4
DA:249,3
DA:254,3
DA:255,3
DA:257,2
DA:258,2
DA:259,2
DA:261,0
DA:262,0
DA:265,2
DA:267,2
DA:269,2
DA:275,2
DA:279,12
DA:292,12
DA:293,12
DA:294,12
DA:301,1
DA:308,4
DA:309,4
DA:316,1
DA:317,1
DA:319,1
DA:322,1
DA:324,1
DA:328,0
DA:334,1
DA:340,2
DA:341,2
DA:342,2
DA:343,2
DA:344,2
DA:346,2
DA:347,12
DA:348,0
DA:349,0
DA:351,12
DA:352,12
DA:354,12
DA:355,10
DA:356,10
DA:357,10
DA:361,2
DA:368,16
DA:375,20
DA:376,20
DA:378,20
DA:379,100
DA:380,387
DA:383,47
DA:384,47
DA:385,47
DA:390,20
DA:396,7
DA:402,11
DA:404,10
DA:405,2
DA:407,1
DA:409,1
DA:411,4
DA:413,1
DA:415,1
DA:420,2
DA:424,4
DA:425,3
DA:426,3
DA:430,0
DA:434,18
DA:435,18
DA:436,18
DA:437,18
DA:441,2
DA:442,1
DA:443,1
DA:444,1
DA:445,1
DA:446,1
DA:450,2
DA:451,1
DA:452,1
DA:453,1
DA:454,1
DA:455,1
DA:459,12
DA:463,1
LF:136
LH:129
BRDA:86,1,0,4
BRDA:86,1,1,2
BRDA:153,2,0,7
BRDA:153,2,1,0
BRDA:154,3,0,6
BRDA:154,3,1,1
BRDA:181,4,0,14
BRDA:181,4,1,1
BRDA:182,5,0,12
BRDA:182,5,1,2
BRDA:188,6,0,55
BRDA:188,6,1,1
BRDA:193,7,0,113
BRDA:193,7,1,1
BRDA:222,8,0,3
BRDA:222,8,1,0
BRDA:223,9,0,3
BRDA:223,9,1,0
BRDA:224,10,0,2
BRDA:224,10,1,1
BRDA:225,11,0,1
BRDA:225,11,1,1
BRDA:240,12,0,5
BRDA:240,12,1,0
BRDA:243,13,0,4
BRDA:243,13,1,1
BRDA:244,14,0,4
BRDA:244,14,1,0
BRDA:245,15,0,4
BRDA:245,15,1,0
BRDA:246,16,0,4
BRDA:246,16,1,0
BRDA:247,17,0,3
BRDA:247,17,1,1
BRDA:255,18,0,2
BRDA:255,18,1,1
BRDA:258,19,0,2
BRDA:258,19,1,0
BRDA:347,20,0,0
BRDA:347,20,1,12
BRDA:354,21,0,10
BRDA:354,21,1,2
BRDA:380,22,0,47
BRDA:380,22,1,340
BRDA:402,23,0,10
BRDA:402,23,1,1
BRDA:404,24,0,2
BRDA:404,24,1,8
BRDA:406,25,0,1
BRDA:406,25,1,7
BRDA:408,26,0,1
BRDA:408,26,1,6
BRDA:410,27,0,4
BRDA:410,27,1,2
BRDA:412,28,0,1
BRDA:412,28,1,1
BRDA:424,29,0,3
BRDA:424,29,1,1
BRDA:426,30,0,3
BRDA:426,30,1,0
BRDA:440,31,0,2
BRDA:440,31,1,1
BRDA:441,32,0,1
BRDA:441,32,1,1
BRDA:445,33,0,1
BRDA:445,33,1,0
BRDA:449,34,0,2
BRDA:449,34,1,1
BRDA:450,35,0,1
BRDA:450,35,1,1
BRDA:454,36,0,1
BRDA:454,36,1,0
BRF:72
BRH:60
end_of_record
TN:
SF:D:\practice\solidity\Lottery\contract\contracts\VRFCoordinatorV2_5Mock.sol
FN:60,constructor
FN:70,setConfig
FN:85,consumerIsAdded
FN:92,onlyValidConsumer
FN:113,fulfillRandomWords
FN:124,fulfillRandomWordsWithOverride
FN:179,_chargePayment
FN:208,fundSubscription
FN:221,_fromBytes
FN:238,requestRandomWords
FN:284,removeConsumer
FN:309,cancelSubscription
FN:319,pendingRequestExists
FNF:13
FNH:6
FNDA:52,constructor
FNDA:52,setConfig
FNDA:12,consumerIsAdded
FNDA:12,onlyValidConsumer
FNDA:0,fulfillRandomWords
FNDA:0,fulfillRandomWordsWithOverride
FNDA:0,_chargePayment
FNDA:0,fundSubscription
FNDA:12,_fromBytes
FNDA:12,requestRandomWords
FNDA:0,removeConsumer
FNDA:0,cancelSubscription
FNDA:0,pendingRequestExists
DA:61,52
DA:62,52
DA:63,52
DA:64,52
DA:71,52
DA:82,52
DA:89,12
DA:93,12
DA:94,0
DA:96,12
DA:114,0
DA:129,0
DA:130,0
DA:131,0
DA:133,0
DA:135,0
DA:136,0
DA:137,0
DA:138,0
DA:141,0
DA:144,0
DA:145,0
DA:150,0
DA:152,0
DA:153,0
DA:155,0
DA:158,0
DA:160,0
DA:161,0
DA:163,0
DA:165,0
DA:167,0
DA:168,0
DA:184,0
DA:185,0
DA:186,0
DA:187,0
DA:188,0
DA:190,0
DA:191,0
DA:193,0
DA:194,0
DA:195,0
DA:197,0
DA:198,0
DA:209,0
DA:210,0
DA:212,0
DA:213,0
DA:214,0
DA:215,0
DA:224,12
DA:225,0
DA:227,12
DA:228,0
DA:229,12
DA:241,12
DA:242,12
DA:243,0
DA:246,12
DA:247,12
DA:249,12
DA:252,12
DA:259,12
DA:270,12
DA:286,0
DA:287,0
DA:289,0
DA:290,0
DA:291,0
DA:292,0
DA:293,0
DA:294,0
DA:295,0
DA:296,0
DA:299,0
DA:300,0
DA:310,0
DA:312,0
DA:313,0
DA:314,0
DA:316,0
DA:322,0
LF:83
LH:20
BRDA:70,1,0,52
BRDA:70,1,1,0
BRDA:93,2,0,0
BRDA:93,2,1,12
BRDA:113,3,0,0
BRDA:113,3,1,0
BRDA:130,4,0,0
BRDA:130,4,1,0
BRDA:135,5,0,0
BRDA:135,5,1,0
BRDA:140,6,0,0
BRDA:140,6,1,0
BRDA:160,7,0,0
BRDA:160,7,1,0
BRDA:185,8,0,0
BRDA:185,8,1,0
BRDA:187,9,0,0
BRDA:187,9,1,0
BRDA:194,10,0,0
BRDA:194,10,1,0
BRDA:209,11,0,0
BRDA:209,11,1,0
BRDA:224,12,0,0
BRDA:224,12,1,12
BRDA:227,13,0,0
BRDA:227,13,1,12
BRDA:237,14,0,12
BRDA:237,14,1,0
BRDA:238,15,0,12
BRDA:238,15,1,0
BRDA:242,16,0,0
BRDA:242,16,1,12
BRDA:282,17,0,0
BRDA:282,17,1,0
BRDA:283,18,0,0
BRDA:283,18,1,0
BRDA:284,19,0,0
BRDA:284,19,1,0
BRDA:286,20,0,0
BRDA:286,20,1,0
BRDA:292,21,0,0
BRDA:292,21,1,0
BRDA:309,22,0,0
BRDA:309,22,1,0
BRDA:309,23,0,0
BRDA:309,23,1,0
BRDA:313,24,0,0
BRDA:313,24,1,0
BRF:48
BRH:7
end_of_record
